Using pre-set license
Built from '2020.3/staging' branch; Version is '2020.3.17f1 (a4537701e4ab) revision 10769271'; Using compiler version '192528614'; Build Type 'Release'
OS: 'Windows 10 Home; OS build 19044.1348; Version 2009; 64bit' Language: 'en' Physical Memory: 32692 MB
BatchMode: 1, IsHumanControllingUs: 0, StartBugReporterOnCrash: 0, Is64bit: 1, IsPro: 0

COMMAND LINE ARGUMENTS:
C:\Program Files\Unity\Hub\Editor\2020.3.17f1\Editor\Unity.exe
-adb2
-batchMode
-noUpm
-name
AssetImportWorker0
-projectPath
D:/Documents/GitHub/Unity-Vr/Unity VR Kamer
-logFile
Logs/AssetImportWorker0.log
-srvPort
51834
Successfully changed project path to: D:/Documents/GitHub/Unity-Vr/Unity VR Kamer
D:/Documents/GitHub/Unity-Vr/Unity VR Kamer
Using Asset Import Pipeline V2.
Refreshing native plugins compatible for Editor in 40.68 ms, found 5 plugins.
Preloading 0 native plugins for Editor in 0.00 ms.
Initialize engine version: 2020.3.17f1 (a4537701e4ab)
[Subsystems] Discovering subsystems at path C:/Program Files/Unity/Hub/Editor/2020.3.17f1/Editor/Data/Resources/UnitySubsystems
[Subsystems] Discovering subsystems at path D:/Documents/GitHub/Unity-Vr/Unity VR Kamer/Assets
GfxDevice: creating device client; threaded=0
Direct3D:
    Version:  Direct3D 11.0 [level 11.1]
    Renderer: NVIDIA GeForce GTX 1080 Ti (ID=0x1b06)
    Vendor:   
    VRAM:     11127 MB
    Driver:   27.21.14.5671
Initialize mono
Mono path[0] = 'C:/Program Files/Unity/Hub/Editor/2020.3.17f1/Editor/Data/Managed'
Mono path[1] = 'C:/Program Files/Unity/Hub/Editor/2020.3.17f1/Editor/Data/MonoBleedingEdge/lib/mono/unityjit'
Mono config path = 'C:/Program Files/Unity/Hub/Editor/2020.3.17f1/Editor/Data/MonoBleedingEdge/etc'
Using monoOptions --debugger-agent=transport=dt_socket,embedding=1,server=y,suspend=n,address=127.0.0.1:56956
Begin MonoManager ReloadAssembly
Registering precompiled unity dll's ...
Register platform support module: C:/Program Files/Unity/Hub/Editor/2020.3.17f1/Editor/Data/PlaybackEngines/WindowsStandaloneSupport/UnityEditor.WindowsStandalone.Extensions.dll
Registered in 0.002664 seconds.
Native extension for WindowsStandalone target not found
Refreshing native plugins compatible for Editor in 37.83 ms, found 5 plugins.
Preloading 0 native plugins for Editor in 0.00 ms.
Mono: successfully reloaded assembly
- Completed reload, in  1.204 seconds
Domain Reload Profiling:
	ReloadAssembly (1204ms)
		BeginReloadAssembly (58ms)
			ExecutionOrderSort (0ms)
			DisableScriptedObjects (0ms)
			BackupInstance (0ms)
			ReleaseScriptingObjects (0ms)
			CreateAndSetChildDomain (1ms)
		EndReloadAssembly (426ms)
			LoadAssemblies (55ms)
			RebuildTransferFunctionScriptingTraits (0ms)
			SetupTypeCache (164ms)
			ReleaseScriptCaches (0ms)
			RebuildScriptCaches (29ms)
			SetupLoadedEditorAssemblies (157ms)
				LogAssemblyErrors (0ms)
				InitializePlatformSupportModulesInManaged (4ms)
				SetLoadedEditorAssemblies (0ms)
				RefreshPlugins (38ms)
				BeforeProcessingInitializeOnLoad (8ms)
				ProcessInitializeOnLoadAttributes (81ms)
				ProcessInitializeOnLoadMethodAttributes (27ms)
				AfterProcessingInitializeOnLoad (0ms)
				EditorAssembliesLoaded (0ms)
			ExecutionOrderSort2 (0ms)
			AwakeInstancesAfterBackupRestoration (0ms)
Platform modules already initialized, skipping
Registering precompiled user dll's ...
Registered in 0.005265 seconds.
Begin MonoManager ReloadAssembly
Native extension for WindowsStandalone target not found
Refreshing native plugins compatible for Editor in 0.85 ms, found 5 plugins.
Preloading 0 native plugins for Editor in 0.00 ms.
Mono: successfully reloaded assembly
- Completed reload, in  1.123 seconds
Domain Reload Profiling:
	ReloadAssembly (1124ms)
		BeginReloadAssembly (144ms)
			ExecutionOrderSort (0ms)
			DisableScriptedObjects (4ms)
			BackupInstance (0ms)
			ReleaseScriptingObjects (0ms)
			CreateAndSetChildDomain (18ms)
		EndReloadAssembly (917ms)
			LoadAssemblies (84ms)
			RebuildTransferFunctionScriptingTraits (0ms)
			SetupTypeCache (291ms)
			ReleaseScriptCaches (0ms)
			RebuildScriptCaches (51ms)
			SetupLoadedEditorAssemblies (383ms)
				LogAssemblyErrors (0ms)
				InitializePlatformSupportModulesInManaged (5ms)
				SetLoadedEditorAssemblies (0ms)
				RefreshPlugins (1ms)
				BeforeProcessingInitializeOnLoad (62ms)
				ProcessInitializeOnLoadAttributes (302ms)
				ProcessInitializeOnLoadMethodAttributes (4ms)
				AfterProcessingInitializeOnLoad (8ms)
				EditorAssembliesLoaded (1ms)
			ExecutionOrderSort2 (0ms)
			AwakeInstancesAfterBackupRestoration (6ms)
Platform modules already initialized, skipping
========================================================================
Worker process is ready to serve import requests
Launched and connected shader compiler UnityShaderCompiler.exe after 0.05 seconds
Refreshing native plugins compatible for Editor in 0.43 ms, found 5 plugins.
Preloading 0 native plugins for Editor in 0.00 ms.
Unloading 1727 Unused Serialized files (Serialized files now loaded: 0)
System memory in use before: 79.5 MB.
System memory in use after: 79.6 MB.

Unloading 21 unused Assets to reduce memory usage. Loaded Objects now: 2167.
Total: 2.770100 ms (FindLiveObjects: 0.218800 ms CreateObjectMapping: 0.117200 ms MarkObjects: 2.364500 ms  DeleteObjects: 0.068600 ms)

AssetImportParameters requested are different than current active one (requested -> active):
  custom:framework-win-MediaFoundation: 216162199b28c13a410421893ffa2e32 -> 
  custom:video-decoder-ogg-theora: a1e56fd34408186e4bbccfd4996cb3dc -> 
  custom:container-muxer-webm: aa71ff27fc2769a1b78a27578f13a17b -> 
  custom:container-demuxer-webm: 4f35f7cbe854078d1ac9338744f61a02 -> 
  custom:container-demuxer-ogg: 62fdf1f143b41e24485cea50d1cbac27 -> 
  custom:video-encoder-webm-vp8: eb34c28f22e8b96e1ab97ce403110664 -> 
  custom:video-decoder-webm-vp8: 9c59270c3fd7afecdb556c50c9e8de78 -> 
  custom:audio-decoder-ogg-vorbis: bf7c407c2cedff20999df2af8eb42d56 -> 
  custom:audio-encoder-webm-vorbis: bf7c407c2cedff20999df2af8eb42d56 -> 
========================================================================
Received Import Request.
  path: Assets/Materials/Boek 3.mat
  artifactKey: Guid(085e30c9f3a52b44a9cde21a4f667697) Importer(815301076,1909f56bfc062723c751e8b465ee728b)
Start importing Assets/Materials/Boek 3.mat using Guid(085e30c9f3a52b44a9cde21a4f667697) Importer(815301076,1909f56bfc062723c751e8b465ee728b)  -> (artifact id: 'ff7950ee15142178c6f5161b6df3e888') in 0.127842 seconds 
  Import took 0.130396 seconds .

========================================================================
Received Import Request.
  Time since last request: 0.000390 seconds.
  path: Assets/Materials/Cat7.mat
  artifactKey: Guid(91a2e5fbca152654fa8e4719e620446c) Importer(815301076,1909f56bfc062723c751e8b465ee728b)
Start importing Assets/Materials/Cat7.mat using Guid(91a2e5fbca152654fa8e4719e620446c) Importer(815301076,1909f56bfc062723c751e8b465ee728b)  -> (artifact id: '864a8b3675241770a5d00ceea984696e') in 0.022647 seconds 
  Import took 0.025146 seconds .

========================================================================
Received Import Request.
  Time since last request: 0.000402 seconds.
  path: Assets/Materials/Boek paginas.mat
  artifactKey: Guid(a16415a3f3c90c84083178d99e576326) Importer(815301076,1909f56bfc062723c751e8b465ee728b)
Start importing Assets/Materials/Boek paginas.mat using Guid(a16415a3f3c90c84083178d99e576326) Importer(815301076,1909f56bfc062723c751e8b465ee728b)  -> (artifact id: '59b15036aa90755a6c777a716b4e8b70') in 0.017923 seconds 
  Import took 0.020319 seconds .

========================================================================
Received Import Request.
  Time since last request: 0.000387 seconds.
  path: Assets/Materials/Countertop.mat
  artifactKey: Guid(ac91d12845fe8d5498c8da44dd2d96e8) Importer(815301076,1909f56bfc062723c751e8b465ee728b)
Start importing Assets/Materials/Countertop.mat using Guid(ac91d12845fe8d5498c8da44dd2d96e8) Importer(815301076,1909f56bfc062723c751e8b465ee728b)  -> (artifact id: 'a68d58747b91ef11faef0dd62b62fdc7') in 0.020534 seconds 
  Import took 0.023237 seconds .

========================================================================
Received Import Request.
  Time since last request: 0.000418 seconds.
  path: Assets/Materials/Cat6.mat
  artifactKey: Guid(00d122aec4187bb4396420eda45a0cd2) Importer(815301076,1909f56bfc062723c751e8b465ee728b)
Start importing Assets/Materials/Cat6.mat using Guid(00d122aec4187bb4396420eda45a0cd2) Importer(815301076,1909f56bfc062723c751e8b465ee728b)  -> (artifact id: '8d0475d85b324a1bc59ddaa0a6dce84b') in 0.020073 seconds 
  Import took 0.023176 seconds .

========================================================================
Received Import Request.
  Time since last request: 0.000573 seconds.
  path: Assets/Materials/Cat1.mat
  artifactKey: Guid(97ae177a4dcbc0645800318e549ddd00) Importer(815301076,1909f56bfc062723c751e8b465ee728b)
Start importing Assets/Materials/Cat1.mat using Guid(97ae177a4dcbc0645800318e549ddd00) Importer(815301076,1909f56bfc062723c751e8b465ee728b)  -> (artifact id: '5ee198725fffcb855641fc90fbe9657e') in 0.019152 seconds 
  Import took 0.022427 seconds .

========================================================================
Received Import Request.
  Time since last request: 0.000356 seconds.
  path: Assets/Materials/Cat2.mat
  artifactKey: Guid(dca0d93f3ef8be942825c946f2048a8f) Importer(815301076,1909f56bfc062723c751e8b465ee728b)
Start importing Assets/Materials/Cat2.mat using Guid(dca0d93f3ef8be942825c946f2048a8f) Importer(815301076,1909f56bfc062723c751e8b465ee728b)  -> (artifact id: '9ce4f0d1cea87bf62fa1f87cf96d6094') in 0.110672 seconds 
  Import took 0.113208 seconds .

========================================================================
Received Import Request.
  Time since last request: 0.000416 seconds.
  path: Assets/Materials/Boek 2.mat
  artifactKey: Guid(5d29ea797e3426f48b5958207b4aed8a) Importer(815301076,1909f56bfc062723c751e8b465ee728b)
Start importing Assets/Materials/Boek 2.mat using Guid(5d29ea797e3426f48b5958207b4aed8a) Importer(815301076,1909f56bfc062723c751e8b465ee728b)  -> (artifact id: '57d6504d5ba42244e85d0de10b2f23cf') in 0.018712 seconds 
  Import took 0.021439 seconds .

========================================================================
Received Import Request.
  Time since last request: 0.000391 seconds.
  path: Assets/Materials/Cat3.mat
  artifactKey: Guid(26d1567ab7cabc94089b02bda2110680) Importer(815301076,1909f56bfc062723c751e8b465ee728b)
Start importing Assets/Materials/Cat3.mat using Guid(26d1567ab7cabc94089b02bda2110680) Importer(815301076,1909f56bfc062723c751e8b465ee728b)  -> (artifact id: '63e28d140d79cfd66109b0fe963759cb') in 0.019808 seconds 
  Import took 0.022186 seconds .

========================================================================
Received Import Request.
  Time since last request: 0.000386 seconds.
  path: Assets/Materials/Bord.mat
  artifactKey: Guid(31205322d97203845861ea67af3c3022) Importer(815301076,1909f56bfc062723c751e8b465ee728b)
Start importing Assets/Materials/Bord.mat using Guid(31205322d97203845861ea67af3c3022) Importer(815301076,1909f56bfc062723c751e8b465ee728b)  -> (artifact id: '778ff5d4ddb93987093c5228246b56c2') in 0.017729 seconds 
  Import took 0.020380 seconds .

========================================================================
Received Import Request.
  Time since last request: 0.000461 seconds.
  path: Assets/Materials/Boekenkast.mat
  artifactKey: Guid(d68fa170cc0953240a2b3fb265123302) Importer(815301076,1909f56bfc062723c751e8b465ee728b)
Start importing Assets/Materials/Boekenkast.mat using Guid(d68fa170cc0953240a2b3fb265123302) Importer(815301076,1909f56bfc062723c751e8b465ee728b)  -> (artifact id: 'df6d2219c6d052c81891c1d73c9ae139') in 0.020779 seconds 
  Import took 0.023629 seconds .

========================================================================
Received Import Request.
  Time since last request: 0.000333 seconds.
  path: Assets/Materials/Boek 1.mat
  artifactKey: Guid(73afc2be5c02f814fafcc29518d35478) Importer(815301076,1909f56bfc062723c751e8b465ee728b)
Start importing Assets/Materials/Boek 1.mat using Guid(73afc2be5c02f814fafcc29518d35478) Importer(815301076,1909f56bfc062723c751e8b465ee728b)  -> (artifact id: '1b90ad1900cb0d865df67ff7bfa34e58') in 0.019077 seconds 
  Import took 0.021648 seconds .

========================================================================
Received Import Request.
  Time since last request: 0.000415 seconds.
  path: Assets/Materials/Cat8.mat
  artifactKey: Guid(ded2dc6d274168e43a6121a944dce2ba) Importer(815301076,1909f56bfc062723c751e8b465ee728b)
Start importing Assets/Materials/Cat8.mat using Guid(ded2dc6d274168e43a6121a944dce2ba) Importer(815301076,1909f56bfc062723c751e8b465ee728b)  -> (artifact id: 'e21de7776657a8f8619fa00c3b2dde9d') in 0.019366 seconds 
  Import took 0.021877 seconds .

========================================================================
Received Import Request.
  Time since last request: 0.000354 seconds.
  path: Assets/Materials/Cat4.mat
  artifactKey: Guid(f8b6672fb55c0fc4797e1a906987b905) Importer(815301076,1909f56bfc062723c751e8b465ee728b)
Start importing Assets/Materials/Cat4.mat using Guid(f8b6672fb55c0fc4797e1a906987b905) Importer(815301076,1909f56bfc062723c751e8b465ee728b)  -> (artifact id: '3e3c06bda246d3046f614f3ef96cb8db') in 0.024366 seconds 
  Import took 0.027105 seconds .

========================================================================
Received Import Request.
  Time since last request: 0.000369 seconds.
  path: Assets/Materials/Cat5.mat
  artifactKey: Guid(38985b613db82d24084604002b9c0522) Importer(815301076,1909f56bfc062723c751e8b465ee728b)
Start importing Assets/Materials/Cat5.mat using Guid(38985b613db82d24084604002b9c0522) Importer(815301076,1909f56bfc062723c751e8b465ee728b)  -> (artifact id: 'e6833ee80c881a2d6e826817711a820c') in 0.021620 seconds 
  Import took 0.024995 seconds .

========================================================================
Received Prepare
Registering precompiled user dll's ...
Registered in 0.003492 seconds.
Begin MonoManager ReloadAssembly
Native extension for WindowsStandalone target not found
Refreshing native plugins compatible for Editor in 0.47 ms, found 5 plugins.
Preloading 0 native plugins for Editor in 0.00 ms.
Mono: successfully reloaded assembly
- Completed reload, in  1.201 seconds
Domain Reload Profiling:
	ReloadAssembly (1201ms)
		BeginReloadAssembly (114ms)
			ExecutionOrderSort (0ms)
			DisableScriptedObjects (3ms)
			BackupInstance (0ms)
			ReleaseScriptingObjects (0ms)
			CreateAndSetChildDomain (32ms)
		EndReloadAssembly (1023ms)
			LoadAssemblies (89ms)
			RebuildTransferFunctionScriptingTraits (0ms)
			SetupTypeCache (362ms)
			ReleaseScriptCaches (1ms)
			RebuildScriptCaches (53ms)
			SetupLoadedEditorAssemblies (404ms)
				LogAssemblyErrors (0ms)
				InitializePlatformSupportModulesInManaged (7ms)
				SetLoadedEditorAssemblies (0ms)
				RefreshPlugins (1ms)
				BeforeProcessingInitializeOnLoad (72ms)
				ProcessInitializeOnLoadAttributes (313ms)
				ProcessInitializeOnLoadMethodAttributes (3ms)
				AfterProcessingInitializeOnLoad (8ms)
				EditorAssembliesLoaded (0ms)
			ExecutionOrderSort2 (0ms)
			AwakeInstancesAfterBackupRestoration (6ms)
Platform modules already initialized, skipping
Refreshing native plugins compatible for Editor in 0.44 ms, found 5 plugins.
Preloading 0 native plugins for Editor in 0.00 ms.
Unloading 1702 Unused Serialized files (Serialized files now loaded: 0)
System memory in use before: 81.2 MB.
System memory in use after: 81.3 MB.

Unloading 16 unused Assets to reduce memory usage. Loaded Objects now: 2210.
Total: 2.528900 ms (FindLiveObjects: 0.160300 ms CreateObjectMapping: 0.056100 ms MarkObjects: 2.296200 ms  DeleteObjects: 0.015600 ms)

AssetImportParameters requested are different than current active one (requested -> active):
  custom:framework-win-MediaFoundation: 216162199b28c13a410421893ffa2e32 -> 
  custom:video-decoder-ogg-theora: a1e56fd34408186e4bbccfd4996cb3dc -> 
  custom:container-muxer-webm: aa71ff27fc2769a1b78a27578f13a17b -> 
  custom:container-demuxer-webm: 4f35f7cbe854078d1ac9338744f61a02 -> 
  custom:container-demuxer-ogg: 62fdf1f143b41e24485cea50d1cbac27 -> 
  custom:video-encoder-webm-vp8: eb34c28f22e8b96e1ab97ce403110664 -> 
  custom:video-decoder-webm-vp8: 9c59270c3fd7afecdb556c50c9e8de78 -> 
  custom:audio-decoder-ogg-vorbis: bf7c407c2cedff20999df2af8eb42d56 -> 
  custom:audio-encoder-webm-vorbis: bf7c407c2cedff20999df2af8eb42d56 -> 
========================================================================
Received Prepare
Registering precompiled user dll's ...
Registered in 0.003296 seconds.
Begin MonoManager ReloadAssembly
Native extension for WindowsStandalone target not found
Refreshing native plugins compatible for Editor in 0.46 ms, found 5 plugins.
Preloading 0 native plugins for Editor in 0.00 ms.
Mono: successfully reloaded assembly
- Completed reload, in  1.206 seconds
Domain Reload Profiling:
	ReloadAssembly (1206ms)
		BeginReloadAssembly (107ms)
			ExecutionOrderSort (0ms)
			DisableScriptedObjects (3ms)
			BackupInstance (0ms)
			ReleaseScriptingObjects (0ms)
			CreateAndSetChildDomain (27ms)
		EndReloadAssembly (1029ms)
			LoadAssemblies (88ms)
			RebuildTransferFunctionScriptingTraits (0ms)
			SetupTypeCache (368ms)
			ReleaseScriptCaches (1ms)
			RebuildScriptCaches (56ms)
			SetupLoadedEditorAssemblies (403ms)
				LogAssemblyErrors (0ms)
				InitializePlatformSupportModulesInManaged (5ms)
				SetLoadedEditorAssemblies (0ms)
				RefreshPlugins (1ms)
				BeforeProcessingInitializeOnLoad (67ms)
				ProcessInitializeOnLoadAttributes (316ms)
				ProcessInitializeOnLoadMethodAttributes (5ms)
				AfterProcessingInitializeOnLoad (10ms)
				EditorAssembliesLoaded (1ms)
			ExecutionOrderSort2 (0ms)
			AwakeInstancesAfterBackupRestoration (7ms)
Platform modules already initialized, skipping
Refreshing native plugins compatible for Editor in 0.59 ms, found 5 plugins.
Preloading 0 native plugins for Editor in 0.00 ms.
Unloading 1702 Unused Serialized files (Serialized files now loaded: 0)
System memory in use before: 81.2 MB.
System memory in use after: 81.3 MB.

Unloading 16 unused Assets to reduce memory usage. Loaded Objects now: 2213.
Total: 2.314600 ms (FindLiveObjects: 0.137000 ms CreateObjectMapping: 0.041300 ms MarkObjects: 2.120600 ms  DeleteObjects: 0.014900 ms)

AssetImportParameters requested are different than current active one (requested -> active):
  custom:framework-win-MediaFoundation: 216162199b28c13a410421893ffa2e32 -> 
  custom:video-decoder-ogg-theora: a1e56fd34408186e4bbccfd4996cb3dc -> 
  custom:container-muxer-webm: aa71ff27fc2769a1b78a27578f13a17b -> 
  custom:container-demuxer-webm: 4f35f7cbe854078d1ac9338744f61a02 -> 
  custom:container-demuxer-ogg: 62fdf1f143b41e24485cea50d1cbac27 -> 
  custom:video-encoder-webm-vp8: eb34c28f22e8b96e1ab97ce403110664 -> 
  custom:video-decoder-webm-vp8: 9c59270c3fd7afecdb556c50c9e8de78 -> 
  custom:audio-decoder-ogg-vorbis: bf7c407c2cedff20999df2af8eb42d56 -> 
  custom:audio-encoder-webm-vorbis: bf7c407c2cedff20999df2af8eb42d56 -> 
========================================================================
Received Prepare
Registering precompiled user dll's ...
Registered in 0.003238 seconds.
Begin MonoManager ReloadAssembly
Native extension for WindowsStandalone target not found
Refreshing native plugins compatible for Editor in 0.65 ms, found 5 plugins.
Preloading 0 native plugins for Editor in 0.00 ms.
Mono: successfully reloaded assembly
- Completed reload, in  1.181 seconds
Domain Reload Profiling:
	ReloadAssembly (1181ms)
		BeginReloadAssembly (103ms)
			ExecutionOrderSort (0ms)
			DisableScriptedObjects (4ms)
			BackupInstance (0ms)
			ReleaseScriptingObjects (0ms)
			CreateAndSetChildDomain (29ms)
		EndReloadAssembly (1017ms)
			LoadAssemblies (78ms)
			RebuildTransferFunctionScriptingTraits (0ms)
			SetupTypeCache (349ms)
			ReleaseScriptCaches (1ms)
			RebuildScriptCaches (49ms)
			SetupLoadedEditorAssemblies (423ms)
				LogAssemblyErrors (0ms)
				InitializePlatformSupportModulesInManaged (6ms)
				SetLoadedEditorAssemblies (0ms)
				RefreshPlugins (1ms)
				BeforeProcessingInitializeOnLoad (73ms)
				ProcessInitializeOnLoadAttributes (328ms)
				ProcessInitializeOnLoadMethodAttributes (4ms)
				AfterProcessingInitializeOnLoad (9ms)
				EditorAssembliesLoaded (0ms)
			ExecutionOrderSort2 (0ms)
			AwakeInstancesAfterBackupRestoration (8ms)
Platform modules already initialized, skipping
Refreshing native plugins compatible for Editor in 0.49 ms, found 5 plugins.
Preloading 0 native plugins for Editor in 0.00 ms.
Unloading 1702 Unused Serialized files (Serialized files now loaded: 0)
System memory in use before: 81.2 MB.
System memory in use after: 81.3 MB.

Unloading 16 unused Assets to reduce memory usage. Loaded Objects now: 2216.
Total: 4.166500 ms (FindLiveObjects: 0.240200 ms CreateObjectMapping: 0.072300 ms MarkObjects: 3.809700 ms  DeleteObjects: 0.042100 ms)

AssetImportParameters requested are different than current active one (requested -> active):
  custom:framework-win-MediaFoundation: 216162199b28c13a410421893ffa2e32 -> 
  custom:video-decoder-ogg-theora: a1e56fd34408186e4bbccfd4996cb3dc -> 
  custom:container-muxer-webm: aa71ff27fc2769a1b78a27578f13a17b -> 
  custom:container-demuxer-webm: 4f35f7cbe854078d1ac9338744f61a02 -> 
  custom:container-demuxer-ogg: 62fdf1f143b41e24485cea50d1cbac27 -> 
  custom:video-encoder-webm-vp8: eb34c28f22e8b96e1ab97ce403110664 -> 
  custom:video-decoder-webm-vp8: 9c59270c3fd7afecdb556c50c9e8de78 -> 
  custom:audio-decoder-ogg-vorbis: bf7c407c2cedff20999df2af8eb42d56 -> 
  custom:audio-encoder-webm-vorbis: bf7c407c2cedff20999df2af8eb42d56 -> 
========================================================================
Received Import Request.
  Time since last request: 260.349139 seconds.
  path: Assets/Materials/Textures/SkyTex.jpg
  artifactKey: Guid(4e3d272523b1f7c4986998d6d7ba52c1) Importer(815301076,1909f56bfc062723c751e8b465ee728b)
Start importing Assets/Materials/Textures/SkyTex.jpg using Guid(4e3d272523b1f7c4986998d6d7ba52c1) Importer(815301076,1909f56bfc062723c751e8b465ee728b)  -> (artifact id: '7729e7b64063cc3aa22a6800a6e41a8f') in 0.110590 seconds 
  Import took 0.113218 seconds .

========================================================================
Received Prepare
Registering precompiled user dll's ...
Registered in 0.004722 seconds.
Begin MonoManager ReloadAssembly
Native extension for WindowsStandalone target not found
Refreshing native plugins compatible for Editor in 0.79 ms, found 5 plugins.
Preloading 0 native plugins for Editor in 0.00 ms.
Mono: successfully reloaded assembly
- Completed reload, in  1.153 seconds
Domain Reload Profiling:
	ReloadAssembly (1154ms)
		BeginReloadAssembly (101ms)
			ExecutionOrderSort (0ms)
			DisableScriptedObjects (6ms)
			BackupInstance (0ms)
			ReleaseScriptingObjects (0ms)
			CreateAndSetChildDomain (28ms)
		EndReloadAssembly (987ms)
			LoadAssemblies (78ms)
			RebuildTransferFunctionScriptingTraits (0ms)
			SetupTypeCache (344ms)
			ReleaseScriptCaches (1ms)
			RebuildScriptCaches (56ms)
			SetupLoadedEditorAssemblies (388ms)
				LogAssemblyErrors (0ms)
				InitializePlatformSupportModulesInManaged (6ms)
				SetLoadedEditorAssemblies (1ms)
				RefreshPlugins (1ms)
				BeforeProcessingInitializeOnLoad (68ms)
				ProcessInitializeOnLoadAttributes (299ms)
				ProcessInitializeOnLoadMethodAttributes (4ms)
				AfterProcessingInitializeOnLoad (9ms)
				EditorAssembliesLoaded (0ms)
			ExecutionOrderSort2 (0ms)
			AwakeInstancesAfterBackupRestoration (7ms)
Platform modules already initialized, skipping
Refreshing native plugins compatible for Editor in 0.49 ms, found 5 plugins.
Preloading 0 native plugins for Editor in 0.00 ms.
Unloading 1702 Unused Serialized files (Serialized files now loaded: 0)
System memory in use before: 81.3 MB.
System memory in use after: 81.4 MB.

Unloading 16 unused Assets to reduce memory usage. Loaded Objects now: 2221.
Total: 2.823700 ms (FindLiveObjects: 0.228500 ms CreateObjectMapping: 0.069300 ms MarkObjects: 2.506100 ms  DeleteObjects: 0.018800 ms)

AssetImportParameters requested are different than current active one (requested -> active):
  custom:framework-win-MediaFoundation: 216162199b28c13a410421893ffa2e32 -> 
  custom:video-decoder-ogg-theora: a1e56fd34408186e4bbccfd4996cb3dc -> 
  custom:container-muxer-webm: aa71ff27fc2769a1b78a27578f13a17b -> 
  custom:container-demuxer-webm: 4f35f7cbe854078d1ac9338744f61a02 -> 
  custom:container-demuxer-ogg: 62fdf1f143b41e24485cea50d1cbac27 -> 
  custom:video-encoder-webm-vp8: eb34c28f22e8b96e1ab97ce403110664 -> 
  custom:video-decoder-webm-vp8: 9c59270c3fd7afecdb556c50c9e8de78 -> 
  custom:audio-decoder-ogg-vorbis: bf7c407c2cedff20999df2af8eb42d56 -> 
  custom:audio-encoder-webm-vorbis: bf7c407c2cedff20999df2af8eb42d56 -> 
========================================================================
Received Import Request.
  Time since last request: 327.590373 seconds.
  path: Assets/Materials/Textures/SkyTex2.jpg
  artifactKey: Guid(c6ed7d47500c9e84788100c90ed8e971) Importer(815301076,1909f56bfc062723c751e8b465ee728b)
Start importing Assets/Materials/Textures/SkyTex2.jpg using Guid(c6ed7d47500c9e84788100c90ed8e971) Importer(815301076,1909f56bfc062723c751e8b465ee728b)  -> (artifact id: 'df2c48c25be20e8870cf828fcccb74db') in 0.049709 seconds 
  Import took 0.052298 seconds .

========================================================================
Received Import Request.
  Time since last request: 0.004401 seconds.
  path: Assets/Materials/Textures/SkyTex2.jpg
  artifactKey: Guid(c6ed7d47500c9e84788100c90ed8e971) Importer(815301076,1909f56bfc062723c751e8b465ee728b)
Start importing Assets/Materials/Textures/SkyTex2.jpg using Guid(c6ed7d47500c9e84788100c90ed8e971) Importer(815301076,1909f56bfc062723c751e8b465ee728b)  -> (artifact id: 'df2c48c25be20e8870cf828fcccb74db') in 0.012585 seconds 
  Import took 0.015156 seconds .

========================================================================
Received Import Request.
  Time since last request: 132.081642 seconds.
  path: Assets/Materials/Textures/wood-texture-1143636.jpg
  artifactKey: Guid(41a1815a2f56ea84390091d00a7da310) Importer(815301076,1909f56bfc062723c751e8b465ee728b)
Start importing Assets/Materials/Textures/wood-texture-1143636.jpg using Guid(41a1815a2f56ea84390091d00a7da310) Importer(815301076,1909f56bfc062723c751e8b465ee728b)  -> (artifact id: '6de0703bf2db9e670acaca1c3fe8d564') in 0.023811 seconds 
  Import took 0.027196 seconds .

========================================================================
Received Import Request.
  Time since last request: 0.002353 seconds.
  path: Assets/Materials/Textures/wood-texture-1143636.jpg
  artifactKey: Guid(41a1815a2f56ea84390091d00a7da310) Importer(815301076,1909f56bfc062723c751e8b465ee728b)
Start importing Assets/Materials/Textures/wood-texture-1143636.jpg using Guid(41a1815a2f56ea84390091d00a7da310) Importer(815301076,1909f56bfc062723c751e8b465ee728b)  -> (artifact id: '6de0703bf2db9e670acaca1c3fe8d564') in 0.121954 seconds 
  Import took 0.124708 seconds .

========================================================================
Received Import Request.
  Time since last request: 450.675683 seconds.
  path: Assets/Materials/Textures/GroundTex.jpg
  artifactKey: Guid(d4b93891c1b36fd4aa4436974de5c302) Importer(815301076,1909f56bfc062723c751e8b465ee728b)
Start importing Assets/Materials/Textures/GroundTex.jpg using Guid(d4b93891c1b36fd4aa4436974de5c302) Importer(815301076,1909f56bfc062723c751e8b465ee728b)  -> (artifact id: '9eb06f01db8ee324e51a07f350c7c1ed') in 0.019351 seconds 
  Import took 0.022473 seconds .

========================================================================
Received Import Request.
  Time since last request: 0.000426 seconds.
  path: Assets/SteamVR/InteractionSystem/Hints/Textures/HintBackground.png
  artifactKey: Guid(5697c26ee2ef0c848996640f6a3d3432) Importer(815301076,1909f56bfc062723c751e8b465ee728b)
Start importing Assets/SteamVR/InteractionSystem/Hints/Textures/HintBackground.png using Guid(5697c26ee2ef0c848996640f6a3d3432) Importer(815301076,1909f56bfc062723c751e8b465ee728b)  -> (artifact id: 'b1b4d31ca159110ad7a609d7e550af3e') in 0.036286 seconds 
  Import took 0.038736 seconds .

========================================================================
Received Import Request.
  Time since last request: 481.483291 seconds.
  path: Assets/Materials/Textures/GroundTex2.jpg
  artifactKey: Guid(8d2fe6932a47b88479b5607dc6f1092f) Importer(815301076,1909f56bfc062723c751e8b465ee728b)
Start importing Assets/Materials/Textures/GroundTex2.jpg using Guid(8d2fe6932a47b88479b5607dc6f1092f) Importer(815301076,1909f56bfc062723c751e8b465ee728b)  -> (artifact id: '48e9e7e1de9fcf9b28effeeb6282f239') in 0.021485 seconds 
  Import took 0.025632 seconds .

========================================================================
Received Import Request.
  Time since last request: 6.705583 seconds.
  path: Assets/Materials/NewLayer.terrainlayer
  artifactKey: Guid(c26bd7dfc3f71a4488519ad108f23f6a) Importer(815301076,1909f56bfc062723c751e8b465ee728b)
Start importing Assets/Materials/NewLayer.terrainlayer using Guid(c26bd7dfc3f71a4488519ad108f23f6a) Importer(815301076,1909f56bfc062723c751e8b465ee728b)  -> (artifact id: 'e77a71731d5514d8d7beed20a09b8495') in 0.034427 seconds 
  Import took 0.037199 seconds .

========================================================================
Received Import Request.
  Time since last request: 31.553068 seconds.
  path: Assets/Materials/Textures/GroundTex2.jpg
  artifactKey: Guid(8d2fe6932a47b88479b5607dc6f1092f) Importer(815301076,1909f56bfc062723c751e8b465ee728b)
Start importing Assets/Materials/Textures/GroundTex2.jpg using Guid(8d2fe6932a47b88479b5607dc6f1092f) Importer(815301076,1909f56bfc062723c751e8b465ee728b)  -> (artifact id: 'c9bfb772c980070fd63de7a7206c79c6') in 0.020740 seconds 
  Import took 0.024211 seconds .

========================================================================
Received Import Request.
  Time since last request: 0.002037 seconds.
  path: Assets/Materials/Textures/GroundTex2.jpg
  artifactKey: Guid(8d2fe6932a47b88479b5607dc6f1092f) Importer(815301076,1909f56bfc062723c751e8b465ee728b)
Start importing Assets/Materials/Textures/GroundTex2.jpg using Guid(8d2fe6932a47b88479b5607dc6f1092f) Importer(815301076,1909f56bfc062723c751e8b465ee728b)  -> (artifact id: 'c9bfb772c980070fd63de7a7206c79c6') in 0.023444 seconds 
  Import took 0.027036 seconds .

========================================================================
Received Import Request.
  Time since last request: 0.388181 seconds.
  path: Assets/Materials/NewLayer 1.terrainlayer
  artifactKey: Guid(d1ae7701e8ca1cd479905aa2ffaaa740) Importer(815301076,1909f56bfc062723c751e8b465ee728b)
Start importing Assets/Materials/NewLayer 1.terrainlayer using Guid(d1ae7701e8ca1cd479905aa2ffaaa740) Importer(815301076,1909f56bfc062723c751e8b465ee728b)  -> (artifact id: 'b08622ec2b21e1ac59235744f15b861e') in 0.024442 seconds 
  Import took 0.027809 seconds .

========================================================================
Received Import Request.
  Time since last request: 519.036015 seconds.
  path: Assets/Materials/Textures/Grass.png
  artifactKey: Guid(fe5faa5c719711b4c9d1b087618a1497) Importer(815301076,1909f56bfc062723c751e8b465ee728b)
Start importing Assets/Materials/Textures/Grass.png using Guid(fe5faa5c719711b4c9d1b087618a1497) Importer(815301076,1909f56bfc062723c751e8b465ee728b)  -> (artifact id: '76901d9a82f9e8bb6eb87dc4ce8d3577') in 0.023005 seconds 
  Import took 0.027147 seconds .

========================================================================
Received Prepare
Registering precompiled user dll's ...
Registered in 0.003341 seconds.
Begin MonoManager ReloadAssembly
Native extension for WindowsStandalone target not found
Refreshing native plugins compatible for Editor in 0.46 ms, found 5 plugins.
Preloading 0 native plugins for Editor in 0.00 ms.
Mono: successfully reloaded assembly
- Completed reload, in  0.988 seconds
Domain Reload Profiling:
	ReloadAssembly (988ms)
		BeginReloadAssembly (112ms)
			ExecutionOrderSort (0ms)
			DisableScriptedObjects (4ms)
			BackupInstance (0ms)
			ReleaseScriptingObjects (0ms)
			CreateAndSetChildDomain (32ms)
		EndReloadAssembly (807ms)
			LoadAssemblies (83ms)
			RebuildTransferFunctionScriptingTraits (0ms)
			SetupTypeCache (263ms)
			ReleaseScriptCaches (1ms)
			RebuildScriptCaches (41ms)
			SetupLoadedEditorAssemblies (323ms)
				LogAssemblyErrors (0ms)
				InitializePlatformSupportModulesInManaged (4ms)
				SetLoadedEditorAssemblies (0ms)
				RefreshPlugins (1ms)
				BeforeProcessingInitializeOnLoad (55ms)
				ProcessInitializeOnLoadAttributes (251ms)
				ProcessInitializeOnLoadMethodAttributes (3ms)
				AfterProcessingInitializeOnLoad (8ms)
				EditorAssembliesLoaded (0ms)
			ExecutionOrderSort2 (0ms)
			AwakeInstancesAfterBackupRestoration (6ms)
Platform modules already initialized, skipping
Refreshing native plugins compatible for Editor in 0.52 ms, found 5 plugins.
Preloading 0 native plugins for Editor in 0.00 ms.
Unloading 1702 Unused Serialized files (Serialized files now loaded: 0)
System memory in use before: 81.3 MB.
System memory in use after: 81.4 MB.

Unloading 16 unused Assets to reduce memory usage. Loaded Objects now: 2231.
Total: 2.730400 ms (FindLiveObjects: 0.193100 ms CreateObjectMapping: 0.053000 ms MarkObjects: 2.468800 ms  DeleteObjects: 0.014700 ms)

AssetImportParameters requested are different than current active one (requested -> active):
  custom:framework-win-MediaFoundation: 216162199b28c13a410421893ffa2e32 -> 
  custom:video-decoder-ogg-theora: a1e56fd34408186e4bbccfd4996cb3dc -> 
  custom:container-muxer-webm: aa71ff27fc2769a1b78a27578f13a17b -> 
  custom:container-demuxer-webm: 4f35f7cbe854078d1ac9338744f61a02 -> 
  custom:container-demuxer-ogg: 62fdf1f143b41e24485cea50d1cbac27 -> 
  custom:video-encoder-webm-vp8: eb34c28f22e8b96e1ab97ce403110664 -> 
  custom:video-decoder-webm-vp8: 9c59270c3fd7afecdb556c50c9e8de78 -> 
  custom:audio-decoder-ogg-vorbis: bf7c407c2cedff20999df2af8eb42d56 -> 
  custom:audio-encoder-webm-vorbis: bf7c407c2cedff20999df2af8eb42d56 -> 
========================================================================
Received Import Request.
  Time since last request: 143.485032 seconds.
  path: Assets/Materials/Textures/Grass.png
  artifactKey: Guid(fe5faa5c719711b4c9d1b087618a1497) Importer(815301076,1909f56bfc062723c751e8b465ee728b)
Start importing Assets/Materials/Textures/Grass.png using Guid(fe5faa5c719711b4c9d1b087618a1497) Importer(815301076,1909f56bfc062723c751e8b465ee728b)  -> (artifact id: 'e92143038dbc152f9baffdbe40af6cd6') in 0.035538 seconds 
  Import took 0.038509 seconds .

========================================================================
Received Import Request.
  Time since last request: 0.024350 seconds.
  path: Assets/Materials/Textures/Grass.png
  artifactKey: Guid(fe5faa5c719711b4c9d1b087618a1497) Importer(815301076,1909f56bfc062723c751e8b465ee728b)
Start importing Assets/Materials/Textures/Grass.png using Guid(fe5faa5c719711b4c9d1b087618a1497) Importer(815301076,1909f56bfc062723c751e8b465ee728b)  -> (artifact id: 'e92143038dbc152f9baffdbe40af6cd6') in 0.016262 seconds 
  Import took 0.019676 seconds .

========================================================================
Received Prepare
Registering precompiled user dll's ...
Registered in 0.004820 seconds.
Begin MonoManager ReloadAssembly
Native extension for WindowsStandalone target not found
Refreshing native plugins compatible for Editor in 0.48 ms, found 5 plugins.
Preloading 0 native plugins for Editor in 0.00 ms.
Mono: successfully reloaded assembly
- Completed reload, in  1.227 seconds
Domain Reload Profiling:
	ReloadAssembly (1228ms)
		BeginReloadAssembly (129ms)
			ExecutionOrderSort (0ms)
			DisableScriptedObjects (4ms)
			BackupInstance (0ms)
			ReleaseScriptingObjects (0ms)
			CreateAndSetChildDomain (39ms)
		EndReloadAssembly (1029ms)
			LoadAssemblies (97ms)
			RebuildTransferFunctionScriptingTraits (0ms)
			SetupTypeCache (385ms)
			ReleaseScriptCaches (1ms)
			RebuildScriptCaches (48ms)
			SetupLoadedEditorAssemblies (397ms)
				LogAssemblyErrors (0ms)
				InitializePlatformSupportModulesInManaged (5ms)
				SetLoadedEditorAssemblies (0ms)
				RefreshPlugins (1ms)
				BeforeProcessingInitializeOnLoad (71ms)
				ProcessInitializeOnLoadAttributes (301ms)
				ProcessInitializeOnLoadMethodAttributes (6ms)
				AfterProcessingInitializeOnLoad (13ms)
				EditorAssembliesLoaded (0ms)
			ExecutionOrderSort2 (0ms)
			AwakeInstancesAfterBackupRestoration (6ms)
Platform modules already initialized, skipping
Refreshing native plugins compatible for Editor in 0.52 ms, found 5 plugins.
Preloading 0 native plugins for Editor in 0.00 ms.
Unloading 1702 Unused Serialized files (Serialized files now loaded: 0)
System memory in use before: 81.3 MB.
System memory in use after: 81.4 MB.

Unloading 16 unused Assets to reduce memory usage. Loaded Objects now: 2234.
Total: 2.746600 ms (FindLiveObjects: 0.187800 ms CreateObjectMapping: 0.047100 ms MarkObjects: 2.496000 ms  DeleteObjects: 0.014900 ms)

AssetImportParameters requested are different than current active one (requested -> active):
  custom:framework-win-MediaFoundation: 216162199b28c13a410421893ffa2e32 -> 
  custom:video-decoder-ogg-theora: a1e56fd34408186e4bbccfd4996cb3dc -> 
  custom:container-muxer-webm: aa71ff27fc2769a1b78a27578f13a17b -> 
  custom:container-demuxer-webm: 4f35f7cbe854078d1ac9338744f61a02 -> 
  custom:container-demuxer-ogg: 62fdf1f143b41e24485cea50d1cbac27 -> 
  custom:video-encoder-webm-vp8: eb34c28f22e8b96e1ab97ce403110664 -> 
  custom:video-decoder-webm-vp8: 9c59270c3fd7afecdb556c50c9e8de78 -> 
  custom:audio-decoder-ogg-vorbis: bf7c407c2cedff20999df2af8eb42d56 -> 
  custom:audio-encoder-webm-vorbis: bf7c407c2cedff20999df2af8eb42d56 -> 
========================================================================
Received Prepare
Registering precompiled user dll's ...
Registered in 0.003307 seconds.
Begin MonoManager ReloadAssembly
Native extension for WindowsStandalone target not found
Refreshing native plugins compatible for Editor in 0.88 ms, found 5 plugins.
Preloading 0 native plugins for Editor in 0.00 ms.
Mono: successfully reloaded assembly
- Completed reload, in  1.160 seconds
Domain Reload Profiling:
	ReloadAssembly (1161ms)
		BeginReloadAssembly (116ms)
			ExecutionOrderSort (0ms)
			DisableScriptedObjects (6ms)
			BackupInstance (0ms)
			ReleaseScriptingObjects (0ms)
			CreateAndSetChildDomain (29ms)
		EndReloadAssembly (982ms)
			LoadAssemblies (82ms)
			RebuildTransferFunctionScriptingTraits (0ms)
			SetupTypeCache (290ms)
			ReleaseScriptCaches (1ms)
			RebuildScriptCaches (41ms)
			SetupLoadedEditorAssemblies (470ms)
				LogAssemblyErrors (0ms)
				InitializePlatformSupportModulesInManaged (9ms)
				SetLoadedEditorAssemblies (1ms)
				RefreshPlugins (1ms)
				BeforeProcessingInitializeOnLoad (79ms)
				ProcessInitializeOnLoadAttributes (365ms)
				ProcessInitializeOnLoadMethodAttributes (6ms)
				AfterProcessingInitializeOnLoad (9ms)
				EditorAssembliesLoaded (0ms)
			ExecutionOrderSort2 (0ms)
			AwakeInstancesAfterBackupRestoration (8ms)
Platform modules already initialized, skipping
Refreshing native plugins compatible for Editor in 0.74 ms, found 5 plugins.
Preloading 0 native plugins for Editor in 0.00 ms.
Unloading 1702 Unused Serialized files (Serialized files now loaded: 0)
System memory in use before: 81.4 MB.
System memory in use after: 81.5 MB.

Unloading 16 unused Assets to reduce memory usage. Loaded Objects now: 2237.
Total: 3.002600 ms (FindLiveObjects: 0.260500 ms CreateObjectMapping: 0.087100 ms MarkObjects: 2.638300 ms  DeleteObjects: 0.015600 ms)

AssetImportParameters requested are different than current active one (requested -> active):
  custom:framework-win-MediaFoundation: 216162199b28c13a410421893ffa2e32 -> 
  custom:video-decoder-ogg-theora: a1e56fd34408186e4bbccfd4996cb3dc -> 
  custom:container-muxer-webm: aa71ff27fc2769a1b78a27578f13a17b -> 
  custom:container-demuxer-webm: 4f35f7cbe854078d1ac9338744f61a02 -> 
  custom:container-demuxer-ogg: 62fdf1f143b41e24485cea50d1cbac27 -> 
  custom:video-encoder-webm-vp8: eb34c28f22e8b96e1ab97ce403110664 -> 
  custom:video-decoder-webm-vp8: 9c59270c3fd7afecdb556c50c9e8de78 -> 
  custom:audio-decoder-ogg-vorbis: bf7c407c2cedff20999df2af8eb42d56 -> 
  custom:audio-encoder-webm-vorbis: bf7c407c2cedff20999df2af8eb42d56 -> 
========================================================================
Received Import Request.
  Time since last request: 255.877692 seconds.
  path: Assets/Materials/Textures/GroundTex.jpg
  artifactKey: Guid(d4b93891c1b36fd4aa4436974de5c302) Importer(815301076,1909f56bfc062723c751e8b465ee728b)
Start importing Assets/Materials/Textures/GroundTex.jpg using Guid(d4b93891c1b36fd4aa4436974de5c302) Importer(815301076,1909f56bfc062723c751e8b465ee728b)  -> (artifact id: 'bb0f8f8d425aea8b296186d0d093fe52') in 0.053330 seconds 
  Import took 0.057841 seconds .

========================================================================
Received Import Request.
  Time since last request: 21.047884 seconds.
  path: Assets/Materials/Textures/GroundTex2.jpg
  artifactKey: Guid(8d2fe6932a47b88479b5607dc6f1092f) Importer(815301076,1909f56bfc062723c751e8b465ee728b)
Start importing Assets/Materials/Textures/GroundTex2.jpg using Guid(8d2fe6932a47b88479b5607dc6f1092f) Importer(815301076,1909f56bfc062723c751e8b465ee728b)  -> (artifact id: '16f24616f0d1a87956a37561db457cdc') in 0.019328 seconds 
  Import took 0.023782 seconds .

========================================================================
Received Import Request.
  Time since last request: 33.659029 seconds.
  path: Assets/Materials/Textures/Grass.png
  artifactKey: Guid(fe5faa5c719711b4c9d1b087618a1497) Importer(815301076,1909f56bfc062723c751e8b465ee728b)
Start importing Assets/Materials/Textures/Grass.png using Guid(fe5faa5c719711b4c9d1b087618a1497) Importer(815301076,1909f56bfc062723c751e8b465ee728b)  -> (artifact id: 'cd3157a264a56603e7bbb7470a5f5b6b') in 0.018038 seconds 
  Import took 0.021895 seconds .

========================================================================
Received Import Request.
  Time since last request: 58.814955 seconds.
  path: Assets/NewLayer.terrainlayer
  artifactKey: Guid(dc1f917eda7a6c84592e6f4c2a820a02) Importer(815301076,1909f56bfc062723c751e8b465ee728b)
Start importing Assets/NewLayer.terrainlayer using Guid(dc1f917eda7a6c84592e6f4c2a820a02) Importer(815301076,1909f56bfc062723c751e8b465ee728b)  -> (artifact id: 'e9a9aef5afa8c320ba7206a81723e948') in 0.029015 seconds 
  Import took 0.031812 seconds .

========================================================================
Received Import Request.
  Time since last request: 0.001226 seconds.
  path: Assets/NewLayer.terrainlayer
  artifactKey: Guid(dc1f917eda7a6c84592e6f4c2a820a02) Importer(815301076,1909f56bfc062723c751e8b465ee728b)
Start importing Assets/NewLayer.terrainlayer using Guid(dc1f917eda7a6c84592e6f4c2a820a02) Importer(815301076,1909f56bfc062723c751e8b465ee728b)  -> (artifact id: 'e9a9aef5afa8c320ba7206a81723e948') in 0.019826 seconds 
  Import took 0.022659 seconds .

========================================================================
Received Import Request.
  Time since last request: 266.356710 seconds.
  path: Assets/Materials/Textures/NewBrush.brush
  artifactKey: Guid(28c64649bb6124b46b94a0785785da00) Importer(815301076,1909f56bfc062723c751e8b465ee728b)
Start importing Assets/Materials/Textures/NewBrush.brush using Guid(28c64649bb6124b46b94a0785785da00) Importer(815301076,1909f56bfc062723c751e8b465ee728b)  -> (artifact id: '22a716d9441d0b4df7d9621e97bd9cdd') in 0.032930 seconds 
  Import took 0.035816 seconds .

========================================================================
Received Import Request.
  Time since last request: 0.017607 seconds.
  path: Assets/Materials/Textures/NewBrush.brush
  artifactKey: Guid(28c64649bb6124b46b94a0785785da00) Importer(815301076,1909f56bfc062723c751e8b465ee728b)
Start importing Assets/Materials/Textures/NewBrush.brush using Guid(28c64649bb6124b46b94a0785785da00) Importer(815301076,1909f56bfc062723c751e8b465ee728b)  -> (artifact id: '22a716d9441d0b4df7d9621e97bd9cdd') in 0.016370 seconds 
  Import took 0.019511 seconds .

========================================================================
Received Import Request.
  Time since last request: 314.820918 seconds.
  path: Assets/boom3.obj
  artifactKey: Guid(edd77d7f934dd4544bdb06e24bb859cb) Importer(815301076,1909f56bfc062723c751e8b465ee728b)
Start importing Assets/boom3.obj using Guid(edd77d7f934dd4544bdb06e24bb859cb) Importer(815301076,1909f56bfc062723c751e8b465ee728b)  -> (artifact id: '7b91f5dc81f9f96ec43b2dab64532d87') in 0.137978 seconds 
  Import took 0.143769 seconds .

========================================================================
Received Import Request.
  Time since last request: 5.224381 seconds.
  path: Assets/boom2.obj
  artifactKey: Guid(7612292cd1bc6124cb16091715f05c0f) Importer(815301076,1909f56bfc062723c751e8b465ee728b)
Start importing Assets/boom2.obj using Guid(7612292cd1bc6124cb16091715f05c0f) Importer(815301076,1909f56bfc062723c751e8b465ee728b)  -> (artifact id: '682b60f8518d7c9d3205adc95f8de432') in 0.067325 seconds 
  Import took 0.071637 seconds .

========================================================================
Received Import Request.
  Time since last request: 0.445496 seconds.
  path: Assets/boom2.mtl
  artifactKey: Guid(4a184823b572a6640a8d7ccb79c52ab1) Importer(815301076,1909f56bfc062723c751e8b465ee728b)
Start importing Assets/boom2.mtl using Guid(4a184823b572a6640a8d7ccb79c52ab1) Importer(815301076,1909f56bfc062723c751e8b465ee728b)  -> (artifact id: 'f293036a457df483181c92d36827fc6e') in 0.012525 seconds 
  Import took 0.015852 seconds .

========================================================================
Received Import Request.
  Time since last request: 0.001119 seconds.
  path: Assets/boom2.mtl
  artifactKey: Guid(4a184823b572a6640a8d7ccb79c52ab1) Importer(815301076,1909f56bfc062723c751e8b465ee728b)
Start importing Assets/boom2.mtl using Guid(4a184823b572a6640a8d7ccb79c52ab1) Importer(815301076,1909f56bfc062723c751e8b465ee728b)  -> (artifact id: 'f293036a457df483181c92d36827fc6e') in 0.007803 seconds 
  Import took 0.012612 seconds .

========================================================================
Received Import Request.
  Time since last request: 0.620368 seconds.
  path: Assets/boom1.obj
  artifactKey: Guid(918ba3c5a11ebcc478347f3e986d3a4f) Importer(815301076,1909f56bfc062723c751e8b465ee728b)
Start importing Assets/boom1.obj using Guid(918ba3c5a11ebcc478347f3e986d3a4f) Importer(815301076,1909f56bfc062723c751e8b465ee728b)  -> (artifact id: 'c76a0695c460317ef3fe72a68f678f53') in 0.049193 seconds 
  Import took 0.052475 seconds .

========================================================================
Received Import Request.
  Time since last request: 0.000891 seconds.
  path: Assets/boom1.obj
  artifactKey: Guid(918ba3c5a11ebcc478347f3e986d3a4f) Importer(815301076,1909f56bfc062723c751e8b465ee728b)
Start importing Assets/boom1.obj using Guid(918ba3c5a11ebcc478347f3e986d3a4f) Importer(815301076,1909f56bfc062723c751e8b465ee728b)  -> (artifact id: 'c76a0695c460317ef3fe72a68f678f53') in 0.055884 seconds 
  Import took 0.058819 seconds .

========================================================================
Received Import Request.
  Time since last request: 1.581569 seconds.
  path: Assets/boom1.mtl
  artifactKey: Guid(cf3c4140bdadee14680efaa72a18d4e6) Importer(815301076,1909f56bfc062723c751e8b465ee728b)
Start importing Assets/boom1.mtl using Guid(cf3c4140bdadee14680efaa72a18d4e6) Importer(815301076,1909f56bfc062723c751e8b465ee728b)  -> (artifact id: '505234494ae2231f6116a71287046aeb') in 0.007409 seconds 
  Import took 0.011457 seconds .

========================================================================
Received Import Request.
  Time since last request: 0.010505 seconds.
  path: Assets/boom1.mtl
  artifactKey: Guid(cf3c4140bdadee14680efaa72a18d4e6) Importer(815301076,1909f56bfc062723c751e8b465ee728b)
Start importing Assets/boom1.mtl using Guid(cf3c4140bdadee14680efaa72a18d4e6) Importer(815301076,1909f56bfc062723c751e8b465ee728b)  -> (artifact id: '505234494ae2231f6116a71287046aeb') in 0.009197 seconds 
  Import took 0.013499 seconds .

========================================================================
Received Import Request.
  Time since last request: 52.599786 seconds.
  path: Assets/Materials/Textures
  artifactKey: Guid(549609b724114a64d8c75a765094c433) Importer(815301076,1909f56bfc062723c751e8b465ee728b)
Start importing Assets/Materials/Textures using Guid(549609b724114a64d8c75a765094c433) Importer(815301076,1909f56bfc062723c751e8b465ee728b)  -> (artifact id: '5cdec0bd94042321f363135af8591819') in 0.009703 seconds 
  Import took 0.012973 seconds .

========================================================================
Received Prepare
Registering precompiled user dll's ...
Registered in 0.003674 seconds.
Begin MonoManager ReloadAssembly
Native extension for WindowsStandalone target not found
Refreshing native plugins compatible for Editor in 1.12 ms, found 5 plugins.
Preloading 0 native plugins for Editor in 0.00 ms.
Mono: successfully reloaded assembly
- Completed reload, in  1.293 seconds
Domain Reload Profiling:
	ReloadAssembly (1294ms)
		BeginReloadAssembly (141ms)
			ExecutionOrderSort (0ms)
			DisableScriptedObjects (3ms)
			BackupInstance (0ms)
			ReleaseScriptingObjects (0ms)
			CreateAndSetChildDomain (54ms)
		EndReloadAssembly (1068ms)
			LoadAssemblies (88ms)
			RebuildTransferFunctionScriptingTraits (0ms)
			SetupTypeCache (371ms)
			ReleaseScriptCaches (2ms)
			RebuildScriptCaches (67ms)
			SetupLoadedEditorAssemblies (414ms)
				LogAssemblyErrors (0ms)
				InitializePlatformSupportModulesInManaged (6ms)
				SetLoadedEditorAssemblies (2ms)
				RefreshPlugins (1ms)
				BeforeProcessingInitializeOnLoad (76ms)
				ProcessInitializeOnLoadAttributes (315ms)
				ProcessInitializeOnLoadMethodAttributes (4ms)
				AfterProcessingInitializeOnLoad (9ms)
				EditorAssembliesLoaded (0ms)
			ExecutionOrderSort2 (0ms)
			AwakeInstancesAfterBackupRestoration (6ms)
Platform modules already initialized, skipping
Refreshing native plugins compatible for Editor in 0.51 ms, found 5 plugins.
Preloading 0 native plugins for Editor in 0.00 ms.
Unloading 1702 Unused Serialized files (Serialized files now loaded: 0)
System memory in use before: 81.6 MB.
System memory in use after: 81.7 MB.

Unloading 16 unused Assets to reduce memory usage. Loaded Objects now: 2248.
Total: 2.552300 ms (FindLiveObjects: 0.170100 ms CreateObjectMapping: 0.053500 ms MarkObjects: 2.312800 ms  DeleteObjects: 0.015100 ms)

AssetImportParameters requested are different than current active one (requested -> active):
  custom:framework-win-MediaFoundation: 216162199b28c13a410421893ffa2e32 -> 
  custom:video-decoder-ogg-theora: a1e56fd34408186e4bbccfd4996cb3dc -> 
  custom:container-muxer-webm: aa71ff27fc2769a1b78a27578f13a17b -> 
  custom:container-demuxer-webm: 4f35f7cbe854078d1ac9338744f61a02 -> 
  custom:container-demuxer-ogg: 62fdf1f143b41e24485cea50d1cbac27 -> 
  custom:video-encoder-webm-vp8: eb34c28f22e8b96e1ab97ce403110664 -> 
  custom:video-decoder-webm-vp8: 9c59270c3fd7afecdb556c50c9e8de78 -> 
  custom:audio-decoder-ogg-vorbis: bf7c407c2cedff20999df2af8eb42d56 -> 
  custom:audio-encoder-webm-vorbis: bf7c407c2cedff20999df2af8eb42d56 -> 
========================================================================
Received Import Request.
  Time since last request: 949.483843 seconds.
  path: Assets/Materials/Textures/bloemen1.png
  artifactKey: Guid(f002bbbf4c62af14786f02fecbf31d2b) Importer(815301076,1909f56bfc062723c751e8b465ee728b)
Start importing Assets/Materials/Textures/bloemen1.png using Guid(f002bbbf4c62af14786f02fecbf31d2b) Importer(815301076,1909f56bfc062723c751e8b465ee728b)  -> (artifact id: '280f9c827eb1269d4e0ef7200ba24baa') in 0.043978 seconds 
  Import took 0.047068 seconds .

========================================================================
Received Prepare
Registering precompiled user dll's ...
Registered in 0.003364 seconds.
Begin MonoManager ReloadAssembly
Native extension for WindowsStandalone target not found
Refreshing native plugins compatible for Editor in 0.50 ms, found 5 plugins.
Preloading 0 native plugins for Editor in 0.00 ms.
Mono: successfully reloaded assembly
- Completed reload, in  1.274 seconds
Domain Reload Profiling:
	ReloadAssembly (1274ms)
		BeginReloadAssembly (142ms)
			ExecutionOrderSort (0ms)
			DisableScriptedObjects (4ms)
			BackupInstance (0ms)
			ReleaseScriptingObjects (0ms)
			CreateAndSetChildDomain (33ms)
		EndReloadAssembly (1064ms)
			LoadAssemblies (116ms)
			RebuildTransferFunctionScriptingTraits (0ms)
			SetupTypeCache (408ms)
			ReleaseScriptCaches (1ms)
			RebuildScriptCaches (57ms)
			SetupLoadedEditorAssemblies (367ms)
				LogAssemblyErrors (0ms)
				InitializePlatformSupportModulesInManaged (6ms)
				SetLoadedEditorAssemblies (1ms)
				RefreshPlugins (1ms)
				BeforeProcessingInitializeOnLoad (65ms)
				ProcessInitializeOnLoadAttributes (282ms)
				ProcessInitializeOnLoadMethodAttributes (3ms)
				AfterProcessingInitializeOnLoad (8ms)
				EditorAssembliesLoaded (0ms)
			ExecutionOrderSort2 (0ms)
			AwakeInstancesAfterBackupRestoration (6ms)
Platform modules already initialized, skipping
Refreshing native plugins compatible for Editor in 0.50 ms, found 5 plugins.
Preloading 0 native plugins for Editor in 0.00 ms.
Unloading 1702 Unused Serialized files (Serialized files now loaded: 0)
System memory in use before: 81.6 MB.
System memory in use after: 81.7 MB.

Unloading 16 unused Assets to reduce memory usage. Loaded Objects now: 2251.
Total: 2.580100 ms (FindLiveObjects: 0.172500 ms CreateObjectMapping: 0.066400 ms MarkObjects: 2.324500 ms  DeleteObjects: 0.015800 ms)

AssetImportParameters requested are different than current active one (requested -> active):
  custom:framework-win-MediaFoundation: 216162199b28c13a410421893ffa2e32 -> 
  custom:video-decoder-ogg-theora: a1e56fd34408186e4bbccfd4996cb3dc -> 
  custom:container-muxer-webm: aa71ff27fc2769a1b78a27578f13a17b -> 
  custom:container-demuxer-webm: 4f35f7cbe854078d1ac9338744f61a02 -> 
  custom:container-demuxer-ogg: 62fdf1f143b41e24485cea50d1cbac27 -> 
  custom:video-encoder-webm-vp8: eb34c28f22e8b96e1ab97ce403110664 -> 
  custom:video-decoder-webm-vp8: 9c59270c3fd7afecdb556c50c9e8de78 -> 
  custom:audio-decoder-ogg-vorbis: bf7c407c2cedff20999df2af8eb42d56 -> 
  custom:audio-encoder-webm-vorbis: bf7c407c2cedff20999df2af8eb42d56 -> 
========================================================================
Received Prepare
Registering precompiled user dll's ...
Registered in 0.003326 seconds.
Begin MonoManager ReloadAssembly
Native extension for WindowsStandalone target not found
Refreshing native plugins compatible for Editor in 0.52 ms, found 5 plugins.
Preloading 0 native plugins for Editor in 0.00 ms.
Mono: successfully reloaded assembly
- Completed reload, in  1.304 seconds
Domain Reload Profiling:
	ReloadAssembly (1305ms)
		BeginReloadAssembly (139ms)
			ExecutionOrderSort (0ms)
			DisableScriptedObjects (4ms)
			BackupInstance (0ms)
			ReleaseScriptingObjects (0ms)
			CreateAndSetChildDomain (29ms)
		EndReloadAssembly (1098ms)
			LoadAssemblies (114ms)
			RebuildTransferFunctionScriptingTraits (0ms)
			SetupTypeCache (402ms)
			ReleaseScriptCaches (1ms)
			RebuildScriptCaches (61ms)
			SetupLoadedEditorAssemblies (428ms)
				LogAssemblyErrors (0ms)
				InitializePlatformSupportModulesInManaged (5ms)
				SetLoadedEditorAssemblies (1ms)
				RefreshPlugins (1ms)
				BeforeProcessingInitializeOnLoad (75ms)
				ProcessInitializeOnLoadAttributes (334ms)
				ProcessInitializeOnLoadMethodAttributes (4ms)
				AfterProcessingInitializeOnLoad (9ms)
				EditorAssembliesLoaded (0ms)
			ExecutionOrderSort2 (0ms)
			AwakeInstancesAfterBackupRestoration (6ms)
Platform modules already initialized, skipping
Refreshing native plugins compatible for Editor in 0.52 ms, found 5 plugins.
Preloading 0 native plugins for Editor in 0.00 ms.
Unloading 1702 Unused Serialized files (Serialized files now loaded: 0)
System memory in use before: 81.6 MB.
System memory in use after: 81.8 MB.

Unloading 16 unused Assets to reduce memory usage. Loaded Objects now: 2254.
Total: 3.636800 ms (FindLiveObjects: 0.173400 ms CreateObjectMapping: 0.054300 ms MarkObjects: 3.389300 ms  DeleteObjects: 0.018900 ms)

AssetImportParameters requested are different than current active one (requested -> active):
  custom:framework-win-MediaFoundation: 216162199b28c13a410421893ffa2e32 -> 
  custom:video-decoder-ogg-theora: a1e56fd34408186e4bbccfd4996cb3dc -> 
  custom:container-muxer-webm: aa71ff27fc2769a1b78a27578f13a17b -> 
  custom:container-demuxer-webm: 4f35f7cbe854078d1ac9338744f61a02 -> 
  custom:container-demuxer-ogg: 62fdf1f143b41e24485cea50d1cbac27 -> 
  custom:video-encoder-webm-vp8: eb34c28f22e8b96e1ab97ce403110664 -> 
  custom:video-decoder-webm-vp8: 9c59270c3fd7afecdb556c50c9e8de78 -> 
  custom:audio-decoder-ogg-vorbis: bf7c407c2cedff20999df2af8eb42d56 -> 
  custom:audio-encoder-webm-vorbis: bf7c407c2cedff20999df2af8eb42d56 -> 
AssetImportWorkerClient::OnTransportError - code=2 error=End of file
