Using pre-set license
Built from '2020.3/staging' branch; Version is '2020.3.17f1 (a4537701e4ab) revision 10769271'; Using compiler version '192528614'; Build Type 'Release'
OS: 'Windows 10 Home; OS build 19043.1237; Version 2009; 64bit' Language: 'en' Physical Memory: 8079 MB
BatchMode: 1, IsHumanControllingUs: 0, StartBugReporterOnCrash: 0, Is64bit: 1, IsPro: 0

COMMAND LINE ARGUMENTS:
C:\Program Files\Unity\Hub\Editor\2020.3.17f1\Editor\Unity.exe
-adb2
-batchMode
-noUpm
-name
AssetImportWorker1
-projectPath
C:/Users/Leah/Documents/GitHub/Unity-VR/Unity VR Kamer
-logFile
Logs/AssetImportWorker1.log
-srvPort
49949
Successfully changed project path to: C:/Users/Leah/Documents/GitHub/Unity-VR/Unity VR Kamer
C:/Users/Leah/Documents/GitHub/Unity-VR/Unity VR Kamer
Using Asset Import Pipeline V2.
Refreshing native plugins compatible for Editor in 275.38 ms, found 5 plugins.
Preloading 0 native plugins for Editor in 0.00 ms.
Initialize engine version: 2020.3.17f1 (a4537701e4ab)
[Subsystems] Discovering subsystems at path C:/Program Files/Unity/Hub/Editor/2020.3.17f1/Editor/Data/Resources/UnitySubsystems
[Subsystems] Discovering subsystems at path C:/Users/Leah/Documents/GitHub/Unity-VR/Unity VR Kamer/Assets
GfxDevice: creating device client; threaded=0
Direct3D:
    Version:  Direct3D 11.0 [level 11.1]
    Renderer: Intel(R) UHD Graphics 620 (ID=0x3ea0)
    Vendor:   
    VRAM:     4039 MB
    Driver:   26.20.100.7926
Initialize mono
Mono path[0] = 'C:/Program Files/Unity/Hub/Editor/2020.3.17f1/Editor/Data/Managed'
Mono path[1] = 'C:/Program Files/Unity/Hub/Editor/2020.3.17f1/Editor/Data/MonoBleedingEdge/lib/mono/unityjit'
Mono config path = 'C:/Program Files/Unity/Hub/Editor/2020.3.17f1/Editor/Data/MonoBleedingEdge/etc'
Using monoOptions --debugger-agent=transport=dt_socket,embedding=1,server=y,suspend=n,address=127.0.0.1:56396
Begin MonoManager ReloadAssembly
Registering precompiled unity dll's ...
Register platform support module: C:/Program Files/Unity/Hub/Editor/2020.3.17f1/Editor/Data/PlaybackEngines/WindowsStandaloneSupport/UnityEditor.WindowsStandalone.Extensions.dll
Registered in 0.014717 seconds.
Native extension for WindowsStandalone target not found
Refreshing native plugins compatible for Editor in 225.85 ms, found 5 plugins.
Preloading 0 native plugins for Editor in 0.00 ms.
Mono: successfully reloaded assembly
- Completed reload, in  7.376 seconds
Domain Reload Profiling:
	ReloadAssembly (7377ms)
		BeginReloadAssembly (404ms)
			ExecutionOrderSort (0ms)
			DisableScriptedObjects (0ms)
			BackupInstance (0ms)
			ReleaseScriptingObjects (0ms)
			CreateAndSetChildDomain (3ms)
		EndReloadAssembly (2795ms)
			LoadAssemblies (387ms)
			RebuildTransferFunctionScriptingTraits (0ms)
			SetupTypeCache (1064ms)
			ReleaseScriptCaches (0ms)
			RebuildScriptCaches (225ms)
			SetupLoadedEditorAssemblies (1036ms)
				LogAssemblyErrors (0ms)
				InitializePlatformSupportModulesInManaged (24ms)
				SetLoadedEditorAssemblies (2ms)
				RefreshPlugins (226ms)
				BeforeProcessingInitializeOnLoad (94ms)
				ProcessInitializeOnLoadAttributes (488ms)
				ProcessInitializeOnLoadMethodAttributes (200ms)
				AfterProcessingInitializeOnLoad (0ms)
				EditorAssembliesLoaded (2ms)
			ExecutionOrderSort2 (0ms)
			AwakeInstancesAfterBackupRestoration (0ms)
Platform modules already initialized, skipping
Registering precompiled user dll's ...
Registered in 0.047913 seconds.
Begin MonoManager ReloadAssembly
Native extension for WindowsStandalone target not found
Refreshing native plugins compatible for Editor in 1.44 ms, found 5 plugins.
Preloading 0 native plugins for Editor in 0.00 ms.
Mono: successfully reloaded assembly
- Completed reload, in  7.492 seconds
Domain Reload Profiling:
	ReloadAssembly (7500ms)
		BeginReloadAssembly (927ms)
			ExecutionOrderSort (0ms)
			DisableScriptedObjects (29ms)
			BackupInstance (0ms)
			ReleaseScriptingObjects (0ms)
			CreateAndSetChildDomain (100ms)
		EndReloadAssembly (6114ms)
			LoadAssemblies (639ms)
			RebuildTransferFunctionScriptingTraits (0ms)
			SetupTypeCache (2002ms)
			ReleaseScriptCaches (2ms)
			RebuildScriptCaches (345ms)
			SetupLoadedEditorAssemblies (2483ms)
				LogAssemblyErrors (0ms)
				InitializePlatformSupportModulesInManaged (27ms)
				SetLoadedEditorAssemblies (4ms)
				RefreshPlugins (2ms)
				BeforeProcessingInitializeOnLoad (558ms)
				ProcessInitializeOnLoadAttributes (1811ms)
				ProcessInitializeOnLoadMethodAttributes (28ms)
				AfterProcessingInitializeOnLoad (51ms)
				EditorAssembliesLoaded (1ms)
			ExecutionOrderSort2 (0ms)
			AwakeInstancesAfterBackupRestoration (39ms)
Platform modules already initialized, skipping
========================================================================
Worker process is ready to serve import requests
Launched and connected shader compiler UnityShaderCompiler.exe after 0.39 seconds
Refreshing native plugins compatible for Editor in 2.09 ms, found 5 plugins.
Preloading 0 native plugins for Editor in 0.00 ms.
Unloading 1722 Unused Serialized files (Serialized files now loaded: 0)
System memory in use before: 79.2 MB.
System memory in use after: 79.3 MB.

Unloading 21 unused Assets to reduce memory usage. Loaded Objects now: 2161.
Total: 17.839000 ms (FindLiveObjects: 0.778100 ms CreateObjectMapping: 1.261900 ms MarkObjects: 15.223000 ms  DeleteObjects: 0.570100 ms)

AssetImportParameters requested are different than current active one (requested -> active):
  custom:framework-win-MediaFoundation: 216162199b28c13a410421893ffa2e32 -> 
  custom:video-decoder-ogg-theora: a1e56fd34408186e4bbccfd4996cb3dc -> 
  custom:container-muxer-webm: aa71ff27fc2769a1b78a27578f13a17b -> 
  custom:container-demuxer-webm: 4f35f7cbe854078d1ac9338744f61a02 -> 
  custom:container-demuxer-ogg: 62fdf1f143b41e24485cea50d1cbac27 -> 
  custom:video-encoder-webm-vp8: eb34c28f22e8b96e1ab97ce403110664 -> 
  custom:video-decoder-webm-vp8: 9c59270c3fd7afecdb556c50c9e8de78 -> 
  custom:audio-decoder-ogg-vorbis: bf7c407c2cedff20999df2af8eb42d56 -> 
  custom:audio-encoder-webm-vorbis: bf7c407c2cedff20999df2af8eb42d56 -> 
========================================================================
Received Import Request.
  path: Assets/tafel.obj
  artifactKey: Guid(1bdcf01ba4e78df45b7eb82914127646) Importer(815301076,1909f56bfc062723c751e8b465ee728b)
Start importing Assets/tafel.obj using Guid(1bdcf01ba4e78df45b7eb82914127646) Importer(815301076,1909f56bfc062723c751e8b465ee728b)  -> (artifact id: 'befc4b2c9c34bff96613f417f89717a9') in 1.125042 seconds 
  Import took 1.140740 seconds .

========================================================================
Received Import Request.
  Time since last request: 218.362303 seconds.
  path: Assets/Materials/Textures/tablewood.jpg
  artifactKey: Guid(7ac3cd34975f8f947909252b2eb63341) Importer(815301076,1909f56bfc062723c751e8b465ee728b)
Start importing Assets/Materials/Textures/tablewood.jpg using Guid(7ac3cd34975f8f947909252b2eb63341) Importer(815301076,1909f56bfc062723c751e8b465ee728b)  -> (artifact id: '1a48cc81f22db42b4b344357d5e8f5a9') in 0.174182 seconds 
  Import took 0.196306 seconds .

========================================================================
Received Import Request.
  Time since last request: 0.010131 seconds.
  path: Assets/Materials/Textures/tablewood.jpg
  artifactKey: Guid(7ac3cd34975f8f947909252b2eb63341) Importer(815301076,1909f56bfc062723c751e8b465ee728b)
Start importing Assets/Materials/Textures/tablewood.jpg using Guid(7ac3cd34975f8f947909252b2eb63341) Importer(815301076,1909f56bfc062723c751e8b465ee728b)  -> (artifact id: '1a48cc81f22db42b4b344357d5e8f5a9') in 0.072050 seconds 
  Import took 0.088502 seconds .

========================================================================
Received Import Request.
  Time since last request: 114.223200 seconds.
  path: Assets/Materials/Textures
  artifactKey: Guid(549609b724114a64d8c75a765094c433) Importer(815301076,1909f56bfc062723c751e8b465ee728b)
Start importing Assets/Materials/Textures using Guid(549609b724114a64d8c75a765094c433) Importer(815301076,1909f56bfc062723c751e8b465ee728b)  -> (artifact id: '3191cd3d734e84d94f85f964adfae043') in 0.032968 seconds 
  Import took 0.047091 seconds .

========================================================================
Received Import Request.
  Time since last request: 55.260972 seconds.
  path: Assets/Materials/Textures/tablewood.jpg
  artifactKey: Guid(7ac3cd34975f8f947909252b2eb63341) Importer(815301076,1909f56bfc062723c751e8b465ee728b)
Start importing Assets/Materials/Textures/tablewood.jpg using Guid(7ac3cd34975f8f947909252b2eb63341) Importer(815301076,1909f56bfc062723c751e8b465ee728b)  -> (artifact id: '42e923b0675bfed63db759b66cf841bd') in 0.040503 seconds 
  Import took 0.048434 seconds .

========================================================================
Received Import Request.
  Time since last request: 0.024648 seconds.
  path: Assets/Materials/Textures/tablewood.jpg
  artifactKey: Guid(7ac3cd34975f8f947909252b2eb63341) Importer(815301076,1909f56bfc062723c751e8b465ee728b)
Start importing Assets/Materials/Textures/tablewood.jpg using Guid(7ac3cd34975f8f947909252b2eb63341) Importer(815301076,1909f56bfc062723c751e8b465ee728b)  -> (artifact id: '42e923b0675bfed63db759b66cf841bd') in 0.050109 seconds 
  Import took 0.058750 seconds .

========================================================================
Received Prepare
Registering precompiled user dll's ...
Registered in 0.027249 seconds.
Begin MonoManager ReloadAssembly
Native extension for WindowsStandalone target not found
Refreshing native plugins compatible for Editor in 1.02 ms, found 5 plugins.
Preloading 0 native plugins for Editor in 0.00 ms.
Mono: successfully reloaded assembly
- Completed reload, in  3.880 seconds
Domain Reload Profiling:
	ReloadAssembly (3884ms)
		BeginReloadAssembly (439ms)
			ExecutionOrderSort (0ms)
			DisableScriptedObjects (15ms)
			BackupInstance (0ms)
			ReleaseScriptingObjects (0ms)
			CreateAndSetChildDomain (93ms)
		EndReloadAssembly (3117ms)
			LoadAssemblies (409ms)
			RebuildTransferFunctionScriptingTraits (0ms)
			SetupTypeCache (1049ms)
			ReleaseScriptCaches (3ms)
			RebuildScriptCaches (152ms)
			SetupLoadedEditorAssemblies (1241ms)
				LogAssemblyErrors (0ms)
				InitializePlatformSupportModulesInManaged (14ms)
				SetLoadedEditorAssemblies (1ms)
				RefreshPlugins (1ms)
				BeforeProcessingInitializeOnLoad (235ms)
				ProcessInitializeOnLoadAttributes (941ms)
				ProcessInitializeOnLoadMethodAttributes (12ms)
				AfterProcessingInitializeOnLoad (35ms)
				EditorAssembliesLoaded (1ms)
			ExecutionOrderSort2 (0ms)
			AwakeInstancesAfterBackupRestoration (27ms)
Platform modules already initialized, skipping
Refreshing native plugins compatible for Editor in 1.03 ms, found 5 plugins.
Preloading 0 native plugins for Editor in 0.00 ms.
Unloading 1697 Unused Serialized files (Serialized files now loaded: 0)
System memory in use before: 81.0 MB.
System memory in use after: 81.1 MB.

Unloading 16 unused Assets to reduce memory usage. Loaded Objects now: 2211.
Total: 8.038000 ms (FindLiveObjects: 0.523300 ms CreateObjectMapping: 0.171100 ms MarkObjects: 7.292600 ms  DeleteObjects: 0.048500 ms)

AssetImportParameters requested are different than current active one (requested -> active):
  custom:framework-win-MediaFoundation: 216162199b28c13a410421893ffa2e32 -> 
  custom:video-decoder-ogg-theora: a1e56fd34408186e4bbccfd4996cb3dc -> 
  custom:container-muxer-webm: aa71ff27fc2769a1b78a27578f13a17b -> 
  custom:container-demuxer-webm: 4f35f7cbe854078d1ac9338744f61a02 -> 
  custom:container-demuxer-ogg: 62fdf1f143b41e24485cea50d1cbac27 -> 
  custom:video-encoder-webm-vp8: eb34c28f22e8b96e1ab97ce403110664 -> 
  custom:video-decoder-webm-vp8: 9c59270c3fd7afecdb556c50c9e8de78 -> 
  custom:audio-decoder-ogg-vorbis: bf7c407c2cedff20999df2af8eb42d56 -> 
  custom:audio-encoder-webm-vorbis: bf7c407c2cedff20999df2af8eb42d56 -> 
========================================================================
Received Import Request.
  Time since last request: 1319.216107 seconds.
  path: Assets/boekenkast.obj
  artifactKey: Guid(2e1c3a1a1e281b748b82dad46035c719) Importer(815301076,1909f56bfc062723c751e8b465ee728b)
Start importing Assets/boekenkast.obj using Guid(2e1c3a1a1e281b748b82dad46035c719) Importer(815301076,1909f56bfc062723c751e8b465ee728b)  -> (artifact id: 'a3f189296cfdbc4c997e2e037f85a961') in 0.518158 seconds 
  Import took 0.531846 seconds .

AssetImportWorkerClient::OnTransportError - code=2 error=End of file
