Using pre-set license
Built from '2020.3/staging' branch; Version is '2020.3.17f1 (a4537701e4ab) revision 10769271'; Using compiler version '192528614'; Build Type 'Release'
OS: 'Windows 10 Home; OS build 19043.1237; Version 2009; 64bit' Language: 'en' Physical Memory: 8079 MB
BatchMode: 1, IsHumanControllingUs: 0, StartBugReporterOnCrash: 0, Is64bit: 1, IsPro: 0

COMMAND LINE ARGUMENTS:
C:\Program Files\Unity\Hub\Editor\2020.3.17f1\Editor\Unity.exe
-adb2
-batchMode
-noUpm
-name
AssetImportWorker0
-projectPath
C:/Users/Leah/Documents/GitHub/Unity-VR/Escape Room
-logFile
Logs/AssetImportWorker0.log
-srvPort
51602
Successfully changed project path to: C:/Users/Leah/Documents/GitHub/Unity-VR/Escape Room
C:/Users/Leah/Documents/GitHub/Unity-VR/Escape Room
Using Asset Import Pipeline V2.
Refreshing native plugins compatible for Editor in 368.75 ms, found 8 plugins.
Preloading 1 native plugins for Editor in 5.00 ms.
Initialize engine version: 2020.3.17f1 (a4537701e4ab)
[Subsystems] Discovering subsystems at path C:/Program Files/Unity/Hub/Editor/2020.3.17f1/Editor/Data/Resources/UnitySubsystems
[Subsystems] Discovering subsystems at path C:/Users/Leah/Documents/GitHub/Unity-VR/Escape Room/Assets
GfxDevice: creating device client; threaded=0
Direct3D:
    Version:  Direct3D 11.0 [level 11.1]
    Renderer: Intel(R) UHD Graphics 620 (ID=0x3ea0)
    Vendor:   
    VRAM:     4039 MB
    Driver:   26.20.100.7926
Shader 'Universal Render Pipeline/Particles/Lit': fallback shader 'Universal Render Pipeline/Particles/SimpleLit' not found
Initialize mono
Mono path[0] = 'C:/Program Files/Unity/Hub/Editor/2020.3.17f1/Editor/Data/Managed'
Mono path[1] = 'C:/Program Files/Unity/Hub/Editor/2020.3.17f1/Editor/Data/MonoBleedingEdge/lib/mono/unityjit'
Mono config path = 'C:/Program Files/Unity/Hub/Editor/2020.3.17f1/Editor/Data/MonoBleedingEdge/etc'
Using monoOptions --debugger-agent=transport=dt_socket,embedding=1,server=y,suspend=n,address=127.0.0.1:56612
Begin MonoManager ReloadAssembly
Registering precompiled unity dll's ...
Register platform support module: C:/Program Files/Unity/Hub/Editor/2020.3.17f1/Editor/Data/PlaybackEngines/WindowsStandaloneSupport/UnityEditor.WindowsStandalone.Extensions.dll
Registered in 0.007305 seconds.
Native extension for WindowsStandalone target not found
Refreshing native plugins compatible for Editor in 247.80 ms, found 8 plugins.
Preloading 1 native plugins for Editor in 0.56 ms.
Mono: successfully reloaded assembly
- Completed reload, in  4.396 seconds
Domain Reload Profiling:
	ReloadAssembly (4396ms)
		BeginReloadAssembly (183ms)
			ExecutionOrderSort (0ms)
			DisableScriptedObjects (0ms)
			BackupInstance (0ms)
			ReleaseScriptingObjects (0ms)
			CreateAndSetChildDomain (2ms)
		EndReloadAssembly (1734ms)
			LoadAssemblies (175ms)
			RebuildTransferFunctionScriptingTraits (0ms)
			SetupTypeCache (635ms)
			ReleaseScriptCaches (0ms)
			RebuildScriptCaches (114ms)
			SetupLoadedEditorAssemblies (735ms)
				LogAssemblyErrors (0ms)
				InitializePlatformSupportModulesInManaged (14ms)
				SetLoadedEditorAssemblies (1ms)
				RefreshPlugins (249ms)
				BeforeProcessingInitializeOnLoad (55ms)
				ProcessInitializeOnLoadAttributes (338ms)
				ProcessInitializeOnLoadMethodAttributes (78ms)
				AfterProcessingInitializeOnLoad (0ms)
				EditorAssembliesLoaded (1ms)
			ExecutionOrderSort2 (0ms)
			AwakeInstancesAfterBackupRestoration (0ms)
Platform modules already initialized, skipping
Registering precompiled user dll's ...
Registered in 0.046732 seconds.
Begin MonoManager ReloadAssembly
Native extension for WindowsStandalone target not found
Refreshing native plugins compatible for Editor in 307.53 ms, found 8 plugins.
Preloading 1 native plugins for Editor in 0.27 ms.
[XR] OculusXRPlugin: registering subsystems
[XR] Unable to register display lifecyle provider: [1]
[XR] Oculus Input lifecycle provider registered.
[XR] Unable to register input lifecyle provider: [1]
System.Reflection.TargetInvocationException: Exception has been thrown by the target of an invocation. ---> System.NullReferenceException: Object reference not set to an instance of an object
  at Unity.XR.Oculus.OculusLoader.AssetPathToAbsolutePath (System.String assetPath) [0x00048] in C:\Users\Leah\OneDrive - Montessori Scholengemeenschap Amsterdam\Coderclass\Unity VR\Escape Room\Escape Room\Library\PackageCache\com.unity.xr.oculus@1.8.1\Runtime\OculusLoader.cs:243 
  at Unity.XR.Oculus.OculusLoader.EditorLoadOVRPlugin () [0x0007b] in C:\Users\Leah\OneDrive - Montessori Scholengemeenschap Amsterdam\Coderclass\Unity VR\Escape Room\Escape Room\Library\PackageCache\com.unity.xr.oculus@1.8.1\Runtime\OculusLoader.cs:228 
  at (wrapper managed-to-native) System.Reflection.MonoMethod.InternalInvoke(System.Reflection.MonoMethod,object,object[],System.Exception&)
  at System.Reflection.MonoMethod.Invoke (System.Object obj, System.Reflection.BindingFlags invokeAttr, System.Reflection.Binder binder, System.Object[] parameters, System.Globalization.CultureInfo culture) [0x00032] in <695d1cc93cca45069c528c15c9fdd749>:0 
   --- End of inner exception stack trace ---
  at System.Reflection.MonoMethod.Invoke (System.Object obj, System.Reflection.BindingFlags invokeAttr, System.Reflection.Binder binder, System.Object[] parameters, System.Globalization.CultureInfo culture) [0x00048] in <695d1cc93cca45069c528c15c9fdd749>:0 
  at System.Reflection.MethodBase.Invoke (System.Object obj, System.Object[] parameters) [0x00000] in <695d1cc93cca45069c528c15c9fdd749>:0 
  at UnityEditor.EditorAssemblies.ProcessInitializeOnLoadMethodAttributes () [0x00047] in <d0e4b8c1204147f3935b6e9c8b8565ad>:0 
UnityEngine.StackTraceUtility:ExtractStackTrace ()
UnityEngine.DebugLogHandler:LogFormat (UnityEngine.LogType,UnityEngine.Object,string,object[])
UnityEngine.Logger:Log (UnityEngine.LogType,object)
UnityEngine.Debug:LogError (object)
UnityEditor.EditorAssemblies:ProcessInitializeOnLoadMethodAttributes ()

Mono: successfully reloaded assembly
- Completed reload, in  5.318 seconds
Domain Reload Profiling:
	ReloadAssembly (5322ms)
		BeginReloadAssembly (445ms)
			ExecutionOrderSort (0ms)
			DisableScriptedObjects (12ms)
			BackupInstance (0ms)
			ReleaseScriptingObjects (0ms)
			CreateAndSetChildDomain (46ms)
		EndReloadAssembly (4617ms)
			LoadAssemblies (397ms)
			RebuildTransferFunctionScriptingTraits (0ms)
			SetupTypeCache (1684ms)
			ReleaseScriptCaches (1ms)
			RebuildScriptCaches (185ms)
			SetupLoadedEditorAssemblies (1815ms)
				LogAssemblyErrors (0ms)
				InitializePlatformSupportModulesInManaged (19ms)
				SetLoadedEditorAssemblies (1ms)
				RefreshPlugins (308ms)
				BeforeProcessingInitializeOnLoad (276ms)
				ProcessInitializeOnLoadAttributes (1095ms)
				ProcessInitializeOnLoadMethodAttributes (75ms)
				AfterProcessingInitializeOnLoad (39ms)
				EditorAssembliesLoaded (1ms)
			ExecutionOrderSort2 (0ms)
			AwakeInstancesAfterBackupRestoration (24ms)
Platform modules already initialized, skipping
========================================================================
Worker process is ready to serve import requests
Shader 'Universal Render Pipeline/Particles/Lit': fallback shader 'Universal Render Pipeline/Particles/SimpleLit' not found
Launched and connected shader compiler UnityShaderCompiler.exe after 0.44 seconds
Refreshing native plugins compatible for Editor in 2.77 ms, found 8 plugins.
Preloading 1 native plugins for Editor in 3.06 ms.
Unloading 3468 Unused Serialized files (Serialized files now loaded: 0)
System memory in use before: 147.2 MB.
System memory in use after: 147.4 MB.

Unloading 21 unused Assets to reduce memory usage. Loaded Objects now: 3899.
Total: 11.604000 ms (FindLiveObjects: 1.562200 ms CreateObjectMapping: 0.666000 ms MarkObjects: 9.167800 ms  DeleteObjects: 0.199900 ms)

AssetImportParameters requested are different than current active one (requested -> active):
  custom:framework-win-MediaFoundation: 216162199b28c13a410421893ffa2e32 -> 
  custom:video-decoder-ogg-theora: a1e56fd34408186e4bbccfd4996cb3dc -> 
  custom:container-muxer-webm: aa71ff27fc2769a1b78a27578f13a17b -> 
  custom:container-demuxer-webm: 4f35f7cbe854078d1ac9338744f61a02 -> 
  custom:container-demuxer-ogg: 62fdf1f143b41e24485cea50d1cbac27 -> 
  custom:video-encoder-webm-vp8: eb34c28f22e8b96e1ab97ce403110664 -> 
  custom:video-decoder-webm-vp8: 9c59270c3fd7afecdb556c50c9e8de78 -> 
  custom:audio-decoder-ogg-vorbis: bf7c407c2cedff20999df2af8eb42d56 -> 
  custom:audio-encoder-webm-vorbis: bf7c407c2cedff20999df2af8eb42d56 -> 
========================================================================
Received Import Request.
  path: Assets/XR/XRGeneralSettings.asset
  artifactKey: Guid(a422e2a2e6c83184e9b23d6413331359) Importer(815301076,1909f56bfc062723c751e8b465ee728b)
Start importing Assets/XR/XRGeneralSettings.asset using Guid(a422e2a2e6c83184e9b23d6413331359) Importer(815301076,1909f56bfc062723c751e8b465ee728b)  -> (artifact id: 'cbce2b1ac74dc7391cbbf3e19c8fa483') in 0.258137 seconds 
  Import took 0.285306 seconds .

========================================================================
Received Import Request.
  Time since last request: 407.112595 seconds.
  path: Assets/SteamVR/SteamVR.asmdef
  artifactKey: Guid(1fbf338ef6b952a448262a7ff7df5fe4) Importer(815301076,1909f56bfc062723c751e8b465ee728b)
Start importing Assets/SteamVR/SteamVR.asmdef using Guid(1fbf338ef6b952a448262a7ff7df5fe4) Importer(815301076,1909f56bfc062723c751e8b465ee728b)  -> (artifact id: 'b5fe19c4b6582d7c8c5237ffb5dc8ac1') in 0.033025 seconds 
  Import took 0.056904 seconds .

========================================================================
Received Import Request.
  Time since last request: 2.064346 seconds.
  path: Assets/SteamVR/SteamVR Unity Plugin - Input System.pdf
  artifactKey: Guid(e80151adba6ecc94e803d63cce6d4e6a) Importer(815301076,1909f56bfc062723c751e8b465ee728b)
Start importing Assets/SteamVR/SteamVR Unity Plugin - Input System.pdf using Guid(e80151adba6ecc94e803d63cce6d4e6a) Importer(815301076,1909f56bfc062723c751e8b465ee728b)  -> (artifact id: 'fc66adc31607930cbea2d89932ac47b8') in 0.057991 seconds 
  Import took 0.083204 seconds .

========================================================================
Received Import Request.
  Time since last request: 1.041998 seconds.
  path: Assets/SteamVR/Simple Sample.unity
  artifactKey: Guid(55f0e497bac1408458ff9dcebe0b775a) Importer(815301076,1909f56bfc062723c751e8b465ee728b)
Start importing Assets/SteamVR/Simple Sample.unity using Guid(55f0e497bac1408458ff9dcebe0b775a) Importer(815301076,1909f56bfc062723c751e8b465ee728b)  -> (artifact id: '9e90120389a04670530da4b8f845beb0') in 0.021740 seconds 
  Import took 0.035989 seconds .

========================================================================
Received Import Request.
  Time since last request: 6.866649 seconds.
  path: Assets/SteamVR/Materials
  artifactKey: Guid(1459d94e0a5b7af4a8a3fa067ae575e9) Importer(815301076,1909f56bfc062723c751e8b465ee728b)
Start importing Assets/SteamVR/Materials using Guid(1459d94e0a5b7af4a8a3fa067ae575e9) Importer(815301076,1909f56bfc062723c751e8b465ee728b)  -> (artifact id: '8ca1a688a65e398282ece30bf0d197b6') in 0.017019 seconds 
  Import took 0.033391 seconds .

========================================================================
Received Import Request.
  Time since last request: 0.000499 seconds.
  path: Assets/SteamVR/Materials/workshop.mat
  artifactKey: Guid(712cd3a70a5a1da41a6594aac6a97abe) Importer(815301076,1909f56bfc062723c751e8b465ee728b)
Start importing Assets/SteamVR/Materials/workshop.mat using Guid(712cd3a70a5a1da41a6594aac6a97abe) Importer(815301076,1909f56bfc062723c751e8b465ee728b)  -> (artifact id: '5dd48d2e2313bd4d70cf6f05d3a89b84') in 0.663891 seconds 
  Import took 0.677393 seconds .

========================================================================
Received Import Request.
  Time since last request: 0.000537 seconds.
  path: Assets/SteamVR/Materials/def.mat
  artifactKey: Guid(70c66109a93f33a4ead799f58a6b9ef5) Importer(815301076,1909f56bfc062723c751e8b465ee728b)
Start importing Assets/SteamVR/Materials/def.mat using Guid(70c66109a93f33a4ead799f58a6b9ef5) Importer(815301076,1909f56bfc062723c751e8b465ee728b)  -> (artifact id: 'e189299a0c29e0c893b1ed79f09445b5') in 0.051692 seconds 
  Import took 0.064498 seconds .

========================================================================
Received Import Request.
  Time since last request: 0.000507 seconds.
  path: Assets/SteamVR/Materials
  artifactKey: Guid(1459d94e0a5b7af4a8a3fa067ae575e9) Importer(815301076,1909f56bfc062723c751e8b465ee728b)
Start importing Assets/SteamVR/Materials using Guid(1459d94e0a5b7af4a8a3fa067ae575e9) Importer(815301076,1909f56bfc062723c751e8b465ee728b)  -> (artifact id: '8ca1a688a65e398282ece30bf0d197b6') in 0.007321 seconds 
  Import took 0.021336 seconds .

========================================================================
Received Import Request.
  Time since last request: 0.069610 seconds.
  path: Assets/SteamVR/Textures/workshop.png
  artifactKey: Guid(a57cd5c56c9d75c4ba0ee9fbc6e1d8df) Importer(815301076,1909f56bfc062723c751e8b465ee728b)
Start importing Assets/SteamVR/Textures/workshop.png using Guid(a57cd5c56c9d75c4ba0ee9fbc6e1d8df) Importer(815301076,1909f56bfc062723c751e8b465ee728b)  -> (artifact id: '2b1510c58212de31d6a014882adebbae') in 0.193593 seconds 
  Import took 0.210131 seconds .

========================================================================
Received Import Request.
  Time since last request: 46.182766 seconds.
  path: Assets/MyScenes/Testing Scene.unity
  artifactKey: Guid(4feea1f4e2d1b4d4e982684e9f140a42) Importer(815301076,1909f56bfc062723c751e8b465ee728b)
Start importing Assets/MyScenes/Testing Scene.unity using Guid(4feea1f4e2d1b4d4e982684e9f140a42) Importer(815301076,1909f56bfc062723c751e8b465ee728b)  -> (artifact id: 'fe1b7e78f994550e6e6f99f17261343e') in 0.035270 seconds 
  Import took 0.059198 seconds .

========================================================================
Received Import Request.
  Time since last request: 179.406988 seconds.
  path: Assets/MyScenes
  artifactKey: Guid(7285de45b777d61448b14d8b2bc78019) Importer(815301076,1909f56bfc062723c751e8b465ee728b)
Start importing Assets/MyScenes using Guid(7285de45b777d61448b14d8b2bc78019) Importer(815301076,1909f56bfc062723c751e8b465ee728b)  -> (artifact id: '2d0e521b5f6e08f7cd16571a82c87158') in 0.029328 seconds 
  Import took 0.047614 seconds .

========================================================================
Received Import Request.
  Time since last request: 9.106670 seconds.
  path: Assets
  artifactKey: Guid(00000000000000001000000000000000) Importer(815301076,1909f56bfc062723c751e8b465ee728b)
Start importing Assets using Guid(00000000000000001000000000000000) Importer(815301076,1909f56bfc062723c751e8b465ee728b)  -> (artifact id: '42d402b061de3733987d63b9cc3b64de') in 0.018757 seconds 
  Import took 0.032696 seconds .

========================================================================
Received Import Request.
  Time since last request: 6.418663 seconds.
  path: Assets/Materials
  artifactKey: Guid(0804b2562d40db14cb85eb9a7a7dce02) Importer(815301076,1909f56bfc062723c751e8b465ee728b)
Start importing Assets/Materials using Guid(0804b2562d40db14cb85eb9a7a7dce02) Importer(815301076,1909f56bfc062723c751e8b465ee728b)  -> (artifact id: '94eed062d2e35e29e99e041985746aa2') in 0.007147 seconds 
  Import took 0.022075 seconds .

========================================================================
Received Import Request.
  Time since last request: 7.665232 seconds.
  path: Assets/Materials/New Material.mat
  artifactKey: Guid(db101f4593bdec1448ca70c4c1f72cc5) Importer(815301076,1909f56bfc062723c751e8b465ee728b)
Start importing Assets/Materials/New Material.mat using Guid(db101f4593bdec1448ca70c4c1f72cc5) Importer(815301076,1909f56bfc062723c751e8b465ee728b)  -> (artifact id: 'de8d5d8a96189facde49d51d0f4e4b50') in 0.116308 seconds 
  Import took 0.129384 seconds .

========================================================================
Received Import Request.
  Time since last request: 55.403373 seconds.
  path: Assets/SteamVR/InteractionSystem/Samples/Interactions_Example/LightingData.asset
  artifactKey: Guid(08f1e4823ecc8234e88f2849f3d9b2cc) Importer(815301076,1909f56bfc062723c751e8b465ee728b)
Start importing Assets/SteamVR/InteractionSystem/Samples/Interactions_Example/LightingData.asset using Guid(08f1e4823ecc8234e88f2849f3d9b2cc) Importer(815301076,1909f56bfc062723c751e8b465ee728b) Lighting data asset ‘LightingData’ is incompatible with the current Unity version. Please use Generate Lighting to rebuild the lighting data.  Realtime Global Illumination cannot be used until the lighting data is rebuilt.

 -> (artifact id: 'd7d967831f47309133feeedccbb4e6c1') in 0.019804 seconds 
  Import took 0.035636 seconds .

========================================================================
Received Import Request.
  Time since last request: 0.000538 seconds.
  path: Assets/SteamVR/InteractionSystem/Samples/Interactions_Example/ReflectionProbe-0.exr
  artifactKey: Guid(f084d048e2acec748aca5f2b0a07ae06) Importer(815301076,1909f56bfc062723c751e8b465ee728b)
Start importing Assets/SteamVR/InteractionSystem/Samples/Interactions_Example/ReflectionProbe-0.exr using Guid(f084d048e2acec748aca5f2b0a07ae06) Importer(815301076,1909f56bfc062723c751e8b465ee728b)  -> (artifact id: 'd2a6c6a4a52500805d5495d6ea47879d') in 0.068349 seconds 
  Import took 0.082378 seconds .

========================================================================
Received Import Request.
  Time since last request: 13.242447 seconds.
  path: Assets/SteamVR/InteractionSystem/Samples/Interactions_Example/New Lighting Settings.lighting
  artifactKey: Guid(8f9d2603c46f44748ac04ae6ce78484d) Importer(815301076,1909f56bfc062723c751e8b465ee728b)
Start importing Assets/SteamVR/InteractionSystem/Samples/Interactions_Example/New Lighting Settings.lighting using Guid(8f9d2603c46f44748ac04ae6ce78484d) Importer(815301076,1909f56bfc062723c751e8b465ee728b)  -> (artifact id: '69f7ceec095f0efa5b7d005b753515af') in 0.026186 seconds 
  Import took 0.040562 seconds .

AssetImportWorkerClient::OnTransportError - code=2 error=End of file
